This is pdfTeX, Version 3.141592653-2.6-1.40.24 (TeX Live 2022) (preloaded format=pdflatex 2022.9.11)  12 APR 2023 11:37
entering extended mode
 restricted \write18 enabled.
 %&-line parsing enabled.
**OOHQ3E_2023.tex
(./OOHQ3E_2023.tex
LaTeX2e <2022-06-01> patch level 5
L3 programming layer <2022-08-30>
(c:/texlive/2022/texmf-dist/tex/latex/thesis-ekf/thesis-ekf.cls
Document Class: thesis-ekf 2021/08/12 v4.2 Thesis class for Eszterhazy Karoly C
atholic University (Eger, Hungary)
(c:/texlive/2022/texmf-dist/tex/latex/kvoptions/kvoptions.sty
Package: kvoptions 2022-06-15 v3.15 Key value format for package options (HO)

(c:/texlive/2022/texmf-dist/tex/latex/graphics/keyval.sty
Package: keyval 2022/05/29 v1.15 key=value parser (DPC)
\KV@toks@=\toks16
)
(c:/texlive/2022/texmf-dist/tex/generic/ltxcmds/ltxcmds.sty
Package: ltxcmds 2020-05-10 v1.25 LaTeX kernel commands for general use (HO)
)
(c:/texlive/2022/texmf-dist/tex/generic/kvsetkeys/kvsetkeys.sty
Package: kvsetkeys 2019/12/15 v1.18 Key value parser (HO)
))
(c:/texlive/2022/texmf-dist/tex/latex/base/report.cls
Document Class: report 2021/10/04 v1.4n Standard LaTeX document class
(c:/texlive/2022/texmf-dist/tex/latex/base/size12.clo
File: size12.clo 2021/10/04 v1.4n Standard LaTeX file (size option)
)
\c@part=\count185
\c@chapter=\count186
\c@section=\count187
\c@subsection=\count188
\c@subsubsection=\count189
\c@paragraph=\count190
\c@subparagraph=\count191
\c@figure=\count192
\c@table=\count193
\abovecaptionskip=\skip47
\belowcaptionskip=\skip48
\bibindent=\dimen138
)
(c:/texlive/2022/texmf-dist/tex/generic/iftex/iftex.sty
Package: iftex 2022/02/03 v1.0f TeX engine tests
)
(c:/texlive/2022/texmf-dist/tex/latex/cmap/cmap.sty
Package: cmap 2021/02/06 v1.0j CMap support: searchable PDF
)
(c:/texlive/2022/texmf-dist/tex/latex/setspace/setspace.sty
Package: setspace 2011/12/19 v6.7a set line spacing
)
(c:/texlive/2022/texmf-dist/tex/latex/hyperref/hyperref.sty
Package: hyperref 2022-06-20 v7.00s Hypertext links for LaTeX

(c:/texlive/2022/texmf-dist/tex/generic/pdftexcmds/pdftexcmds.sty
Package: pdftexcmds 2020-06-27 v0.33 Utility functions of pdfTeX for LuaTeX (HO
)

(c:/texlive/2022/texmf-dist/tex/generic/infwarerr/infwarerr.sty
Package: infwarerr 2019/12/03 v1.5 Providing info/warning/error messages (HO)
)
Package pdftexcmds Info: \pdf@primitive is available.
Package pdftexcmds Info: \pdf@ifprimitive is available.
Package pdftexcmds Info: \pdfdraftmode found.
)
(c:/texlive/2022/texmf-dist/tex/generic/kvdefinekeys/kvdefinekeys.sty
Package: kvdefinekeys 2019-12-19 v1.6 Define keys (HO)
)
(c:/texlive/2022/texmf-dist/tex/generic/pdfescape/pdfescape.sty
Package: pdfescape 2019/12/09 v1.15 Implements pdfTeX's escape features (HO)
)
(c:/texlive/2022/texmf-dist/tex/latex/hycolor/hycolor.sty
Package: hycolor 2020-01-27 v1.10 Color options for hyperref/bookmark (HO)
)
(c:/texlive/2022/texmf-dist/tex/latex/letltxmacro/letltxmacro.sty
Package: letltxmacro 2019/12/03 v1.6 Let assignment for LaTeX macros (HO)
)
(c:/texlive/2022/texmf-dist/tex/latex/auxhook/auxhook.sty
Package: auxhook 2019-12-17 v1.6 Hooks for auxiliary files (HO)
)
(c:/texlive/2022/texmf-dist/tex/latex/hyperref/nameref.sty
Package: nameref 2022-05-17 v2.50 Cross-referencing by name of section

(c:/texlive/2022/texmf-dist/tex/latex/refcount/refcount.sty
Package: refcount 2019/12/15 v3.6 Data extraction from label references (HO)
)
(c:/texlive/2022/texmf-dist/tex/generic/gettitlestring/gettitlestring.sty
Package: gettitlestring 2019/12/15 v1.6 Cleanup title references (HO)
)
\c@section@level=\count194
)
\@linkdim=\dimen139
\Hy@linkcounter=\count195
\Hy@pagecounter=\count196

(c:/texlive/2022/texmf-dist/tex/latex/hyperref/pd1enc.def
File: pd1enc.def 2022-06-20 v7.00s Hyperref: PDFDocEncoding definition (HO)
Now handling font encoding PD1 ...
... no UTF-8 mapping file for font encoding PD1
)
(c:/texlive/2022/texmf-dist/tex/generic/intcalc/intcalc.sty
Package: intcalc 2019/12/15 v1.3 Expandable calculations with integers (HO)
)
(c:/texlive/2022/texmf-dist/tex/generic/etexcmds/etexcmds.sty
Package: etexcmds 2019/12/15 v1.7 Avoid name clashes with e-TeX commands (HO)
)
\Hy@SavedSpaceFactor=\count197

(c:/texlive/2022/texmf-dist/tex/latex/hyperref/puenc.def
File: puenc.def 2022-06-20 v7.00s Hyperref: PDF Unicode definition (HO)
Now handling font encoding PU ...
... no UTF-8 mapping file for font encoding PU
)
Package hyperref Info: Option `unicode' set `true' on input line 4045.
Package hyperref Info: Option `linktocpage' set `true' on input line 4045.
Package hyperref Info: Option `bookmarksnumbered' set `true' on input line 4045
.
Package hyperref Info: Hyper figures OFF on input line 4162.
Package hyperref Info: Link nesting OFF on input line 4167.
Package hyperref Info: Hyper index ON on input line 4170.
Package hyperref Info: Plain pages OFF on input line 4177.
Package hyperref Info: Backreferencing OFF on input line 4182.
Package hyperref Info: Implicit mode ON; LaTeX internals redefined.
Package hyperref Info: Bookmarks ON on input line 4408.
\c@Hy@tempcnt=\count198

(c:/texlive/2022/texmf-dist/tex/latex/url/url.sty
\Urlmuskip=\muskip16
Package: url 2013/09/16  ver 3.4  Verb mode for urls, etc.
)
LaTeX Info: Redefining \url on input line 4746.
\XeTeXLinkMargin=\dimen140

(c:/texlive/2022/texmf-dist/tex/generic/bitset/bitset.sty
Package: bitset 2019/12/09 v1.3 Handle bit-vector datatype (HO)

(c:/texlive/2022/texmf-dist/tex/generic/bigintcalc/bigintcalc.sty
Package: bigintcalc 2019/12/15 v1.5 Expandable calculations on big integers (HO
)
))
\Fld@menulength=\count199
\Field@Width=\dimen141
\Fld@charsize=\dimen142
Package hyperref Info: Hyper figures OFF on input line 6024.
Package hyperref Info: Link nesting OFF on input line 6029.
Package hyperref Info: Hyper index ON on input line 6032.
Package hyperref Info: backreferencing OFF on input line 6039.
Package hyperref Info: Link coloring OFF on input line 6044.
Package hyperref Info: Link coloring with OCG OFF on input line 6049.
Package hyperref Info: PDF/A mode OFF on input line 6054.

(c:/texlive/2022/texmf-dist/tex/latex/base/atbegshi-ltx.sty
Package: atbegshi-ltx 2021/01/10 v1.0c Emulation of the original atbegshi
package with kernel methods
)
\Hy@abspage=\count266
\c@Item=\count267
\c@Hfootnote=\count268
)
Package hyperref Info: Driver (autodetected): hpdftex.

(c:/texlive/2022/texmf-dist/tex/latex/hyperref/hpdftex.def
File: hpdftex.def 2022-06-20 v7.00s Hyperref driver for pdfTeX

(c:/texlive/2022/texmf-dist/tex/latex/base/atveryend-ltx.sty
Package: atveryend-ltx 2020/08/19 v1.0a Emulation of the original atveryend pac
kage
with kernel methods
)
\Fld@listcount=\count269
\c@bookmark@seq@number=\count270

(c:/texlive/2022/texmf-dist/tex/latex/rerunfilecheck/rerunfilecheck.sty
Package: rerunfilecheck 2022-07-10 v1.10 Rerun checks for auxiliary files (HO)

(c:/texlive/2022/texmf-dist/tex/generic/uniquecounter/uniquecounter.sty
Package: uniquecounter 2019/12/15 v1.4 Provide unlimited unique counter (HO)
)
Package uniquecounter Info: New unique counter `rerunfilecheck' on input line 2
85.
)
\Hy@SectionHShift=\skip49
)
(c:/texlive/2022/texmf-dist/tex/latex/geometry/geometry.sty
Package: geometry 2020/01/02 v5.9 Page Geometry

(c:/texlive/2022/texmf-dist/tex/generic/iftex/ifvtex.sty
Package: ifvtex 2019/10/25 v1.7 ifvtex legacy package. Use iftex instead.
)
\Gm@cnth=\count271
\Gm@cntv=\count272
\c@Gm@tempcnt=\count273
\Gm@bindingoffset=\dimen143
\Gm@wd@mp=\dimen144
\Gm@odd@mp=\dimen145
\Gm@even@mp=\dimen146
\Gm@layoutwidth=\dimen147
\Gm@layoutheight=\dimen148
\Gm@layouthoffset=\dimen149
\Gm@layoutvoffset=\dimen150
\Gm@dimlist=\toks17
)
(c:/texlive/2022/texmf-dist/tex/latex/lm/lmodern.sty
Package: lmodern 2015/05/01 v1.6.1 Latin Modern Fonts
LaTeX Font Info:    Overwriting symbol font `operators' in version `normal'
(Font)                  OT1/cmr/m/n --> OT1/lmr/m/n on input line 22.
LaTeX Font Info:    Overwriting symbol font `letters' in version `normal'
(Font)                  OML/cmm/m/it --> OML/lmm/m/it on input line 23.
LaTeX Font Info:    Overwriting symbol font `symbols' in version `normal'
(Font)                  OMS/cmsy/m/n --> OMS/lmsy/m/n on input line 24.
LaTeX Font Info:    Overwriting symbol font `largesymbols' in version `normal'
(Font)                  OMX/cmex/m/n --> OMX/lmex/m/n on input line 25.
LaTeX Font Info:    Overwriting symbol font `operators' in version `bold'
(Font)                  OT1/cmr/bx/n --> OT1/lmr/bx/n on input line 26.
LaTeX Font Info:    Overwriting symbol font `letters' in version `bold'
(Font)                  OML/cmm/b/it --> OML/lmm/b/it on input line 27.
LaTeX Font Info:    Overwriting symbol font `symbols' in version `bold'
(Font)                  OMS/cmsy/b/n --> OMS/lmsy/b/n on input line 28.
LaTeX Font Info:    Overwriting symbol font `largesymbols' in version `bold'
(Font)                  OMX/cmex/m/n --> OMX/lmex/m/n on input line 29.
LaTeX Font Info:    Overwriting math alphabet `\mathbf' in version `normal'
(Font)                  OT1/cmr/bx/n --> OT1/lmr/bx/n on input line 31.
LaTeX Font Info:    Overwriting math alphabet `\mathsf' in version `normal'
(Font)                  OT1/cmss/m/n --> OT1/lmss/m/n on input line 32.
LaTeX Font Info:    Overwriting math alphabet `\mathit' in version `normal'
(Font)                  OT1/cmr/m/it --> OT1/lmr/m/it on input line 33.
LaTeX Font Info:    Overwriting math alphabet `\mathtt' in version `normal'
(Font)                  OT1/cmtt/m/n --> OT1/lmtt/m/n on input line 34.
LaTeX Font Info:    Overwriting math alphabet `\mathbf' in version `bold'
(Font)                  OT1/cmr/bx/n --> OT1/lmr/bx/n on input line 35.
LaTeX Font Info:    Overwriting math alphabet `\mathsf' in version `bold'
(Font)                  OT1/cmss/bx/n --> OT1/lmss/bx/n on input line 36.
LaTeX Font Info:    Overwriting math alphabet `\mathit' in version `bold'
(Font)                  OT1/cmr/bx/it --> OT1/lmr/bx/it on input line 37.
LaTeX Font Info:    Overwriting math alphabet `\mathtt' in version `bold'
(Font)                  OT1/cmtt/m/n --> OT1/lmtt/m/n on input line 38.
)
(c:/texlive/2022/texmf-dist/tex/latex/fixcmex/fixcmex.sty
Package: fixcmex 2019/08/05 v1.1 Scalable math extensions font (Enrico Gregorio
)
)
(c:/texlive/2022/texmf-dist/tex/latex/etoolbox/etoolbox.sty
Package: etoolbox 2020/10/05 v2.5k e-TeX tools for LaTeX (JAW)
\etb@tempcnta=\count274
)
(c:/texlive/2022/texmf-dist/tex/latex/graphics/graphicx.sty
Package: graphicx 2021/09/16 v1.2d Enhanced LaTeX Graphics (DPC,SPQR)

(c:/texlive/2022/texmf-dist/tex/latex/graphics/graphics.sty
Package: graphics 2022/03/10 v1.4e Standard LaTeX Graphics (DPC,SPQR)

(c:/texlive/2022/texmf-dist/tex/latex/graphics/trig.sty
Package: trig 2021/08/11 v1.11 sin cos tan (DPC)
)
(c:/texlive/2022/texmf-dist/tex/latex/graphics-cfg/graphics.cfg
File: graphics.cfg 2016/06/04 v1.11 sample graphics configuration
)
Package graphics Info: Driver file: pdftex.def on input line 107.

(c:/texlive/2022/texmf-dist/tex/latex/graphics-def/pdftex.def
File: pdftex.def 2020/10/05 v1.2a Graphics/color driver for pdftex
))
\Gin@req@height=\dimen151
\Gin@req@width=\dimen152
))
(c:/texlive/2022/texmf-dist/tex/latex/base/fontenc.sty
Package: fontenc 2021/04/29 v2.0v Standard LaTeX package
LaTeX Font Info:    Trying to load font information for T1+lmr on input line 11
2.

(c:/texlive/2022/texmf-dist/tex/latex/lm/t1lmr.fd
File: t1lmr.fd 2015/05/01 v1.6.1 Font defs for Latin Modern
)<<t1.cmap>>)
(c:/texlive/2022/texmf-dist/tex/latex/hulipsum/hulipsum.sty
Package: hulipsum 2020/11/03 v1.1 Hungarian dummy text (Lorum ipse)
\c@hulipsum@count=\count275
)
(c:/texlive/2022/texmf-dist/tex/latex/listingsutf8/listingsutf8.sty
Package: listingsutf8 2019-12-10 v1.5 Allow UTF-8 in listings input (HO)

(c:/texlive/2022/texmf-dist/tex/latex/listings/listings.sty
\lst@mode=\count276
\lst@gtempboxa=\box51
\lst@token=\toks18
\lst@length=\count277
\lst@currlwidth=\dimen153
\lst@column=\count278
\lst@pos=\count279
\lst@lostspace=\dimen154
\lst@width=\dimen155
\lst@newlines=\count280
\lst@lineno=\count281
\lst@maxwidth=\dimen156

(c:/texlive/2022/texmf-dist/tex/latex/listings/lstmisc.sty
File: lstmisc.sty 2020/03/24 1.8d (Carsten Heinz)
\c@lstnumber=\count282
\lst@skipnumbers=\count283
\lst@framebox=\box52
)
(c:/texlive/2022/texmf-dist/tex/latex/listings/listings.cfg
File: listings.cfg 2020/03/24 1.8d listings configuration
))
Package: listings 2020/03/24 1.8d (Carsten Heinz)

(c:/texlive/2022/texmf-dist/tex/generic/stringenc/stringenc.sty
Package: stringenc 2019/11/29 v1.12 Convert strings between diff. encodings (HO
)
))
(c:/texlive/2022/texmf-dist/tex/generic/babel/babel.sty
Package: babel 2022/08/29 3.79 The Babel package
\babel@savecnt=\count284
\U@D=\dimen157
\l@unhyphenated=\language87

(c:/texlive/2022/texmf-dist/tex/generic/babel/txtbabel.def)
\bbl@readstream=\read2
\bbl@dirlevel=\count285

(c:/texlive/2022/texmf-dist/tex/generic/babel-hungarian/magyar.ldf
Language: magyar 2019/01/14 v1.5c Magyar (Hungarian) support for babel
\c@enumv=\count286
Package babel Info: Making ; an active character on input line 2791.
Package babel Info: Making ! an active character on input line 2793.
Package babel Info: Making ? an active character on input line 2799.
Package babel Info: Making : an active character on input line 2801.
Package babel Info: Making ` an active character on input line 2819.
\c@footnote@add=\count287
\c@footnote@ch=\count288
))
(c:/texlive/2022/texmf-dist/tex/generic/babel/locale/hu/babel-magyar.tex
Package babel Info: Importing font and identification data for magyar
(babel)             from babel-hu.ini. Reported on input line 11.
)
(c:/texlive/2022/texmf-dist/tex/latex/mathtools/mathtools.sty
Package: mathtools 2022/06/29 v1.29 mathematical typesetting tools

(c:/texlive/2022/texmf-dist/tex/latex/tools/calc.sty
Package: calc 2017/05/25 v4.3 Infix arithmetic (KKT,FJ)
\calc@Acount=\count289
\calc@Bcount=\count290
\calc@Adimen=\dimen158
\calc@Bdimen=\dimen159
\calc@Askip=\skip50
\calc@Bskip=\skip51
LaTeX Info: Redefining \setlength on input line 80.
LaTeX Info: Redefining \addtolength on input line 81.
\calc@Ccount=\count291
\calc@Cskip=\skip52
)
(c:/texlive/2022/texmf-dist/tex/latex/mathtools/mhsetup.sty
Package: mhsetup 2021/03/18 v1.4 programming setup (MH)
)
(c:/texlive/2022/texmf-dist/tex/latex/amsmath/amsmath.sty
Package: amsmath 2022/04/08 v2.17n AMS math features
\@mathmargin=\skip53

For additional information on amsmath, use the `?' option.
(c:/texlive/2022/texmf-dist/tex/latex/amsmath/amstext.sty
Package: amstext 2021/08/26 v2.01 AMS text

(c:/texlive/2022/texmf-dist/tex/latex/amsmath/amsgen.sty
File: amsgen.sty 1999/11/30 v2.0 generic functions
\@emptytoks=\toks19
\ex@=\dimen160
))
(c:/texlive/2022/texmf-dist/tex/latex/amsmath/amsbsy.sty
Package: amsbsy 1999/11/29 v1.2d Bold Symbols
\pmbraise@=\dimen161
)
(c:/texlive/2022/texmf-dist/tex/latex/amsmath/amsopn.sty
Package: amsopn 2022/04/08 v2.04 operator names
)
\inf@bad=\count292
LaTeX Info: Redefining \frac on input line 234.
\uproot@=\count293
\leftroot@=\count294
LaTeX Info: Redefining \overline on input line 399.
LaTeX Info: Redefining \colon on input line 410.
\classnum@=\count295
\DOTSCASE@=\count296
LaTeX Info: Redefining \ldots on input line 496.
LaTeX Info: Redefining \dots on input line 499.
LaTeX Info: Redefining \cdots on input line 620.
\Mathstrutbox@=\box53
\strutbox@=\box54
LaTeX Info: Redefining \big on input line 722.
LaTeX Info: Redefining \Big on input line 723.
LaTeX Info: Redefining \bigg on input line 724.
LaTeX Info: Redefining \Bigg on input line 725.
\big@size=\dimen162
LaTeX Font Info:    Redeclaring font encoding OML on input line 743.
LaTeX Font Info:    Redeclaring font encoding OMS on input line 744.
\macc@depth=\count297
LaTeX Info: Redefining \bmod on input line 905.
LaTeX Info: Redefining \pmod on input line 910.
LaTeX Info: Redefining \smash on input line 940.
LaTeX Info: Redefining \relbar on input line 970.
LaTeX Info: Redefining \Relbar on input line 971.
\c@MaxMatrixCols=\count298
\dotsspace@=\muskip17
\c@parentequation=\count299
\dspbrk@lvl=\count300
\tag@help=\toks20
\row@=\count301
\column@=\count302
\maxfields@=\count303
\andhelp@=\toks21
\eqnshift@=\dimen163
\alignsep@=\dimen164
\tagshift@=\dimen165
\tagwidth@=\dimen166
\totwidth@=\dimen167
\lineht@=\dimen168
\@envbody=\toks22
\multlinegap=\skip54
\multlinetaggap=\skip55
\mathdisplay@stack=\toks23
LaTeX Info: Redefining \[ on input line 2953.
LaTeX Info: Redefining \] on input line 2954.
)
\g_MT_multlinerow_int=\count304
\l_MT_multwidth_dim=\dimen169
\origjot=\skip56
\l_MT_shortvdotswithinadjustabove_dim=\dimen170
\l_MT_shortvdotswithinadjustbelow_dim=\dimen171
\l_MT_above_intertext_sep=\dimen172
\l_MT_below_intertext_sep=\dimen173
\l_MT_above_shortintertext_sep=\dimen174
\l_MT_below_shortintertext_sep=\dimen175
\xmathstrut@box=\box55
\xmathstrut@dim=\dimen176
)
(c:/texlive/2022/texmf-dist/tex/latex/amsfonts/amssymb.sty
Package: amssymb 2013/01/14 v3.01 AMS font symbols

(c:/texlive/2022/texmf-dist/tex/latex/amsfonts/amsfonts.sty
Package: amsfonts 2013/01/14 v3.01 Basic AMSFonts support
\symAMSa=\mathgroup4
\symAMSb=\mathgroup5
LaTeX Font Info:    Redeclaring math symbol \hbar on input line 98.
LaTeX Font Info:    Overwriting math alphabet `\mathfrak' in version `bold'
(Font)                  U/euf/m/n --> U/euf/b/n on input line 106.
))
(c:/texlive/2022/texmf-dist/tex/latex/amscls/amsthm.sty
Package: amsthm 2020/05/29 v2.20.6
\thm@style=\toks24
\thm@bodyfont=\toks25
\thm@headfont=\toks26
\thm@notefont=\toks27
\thm@headpunct=\toks28
\thm@preskip=\skip57
\thm@postskip=\skip58
\thm@headsep=\skip59
\dth@everypar=\toks29
)
(c:/texlive/2022/texmf-dist/tex/latex/pdfpages/pdfpages.sty
Package: pdfpages 2022/05/22 v0.5v Insert pages of external PDF documents (AM)

(c:/texlive/2022/texmf-dist/tex/latex/base/ifthen.sty
Package: ifthen 2022/04/13 v1.1d Standard LaTeX ifthen package (DPC)
)
(c:/texlive/2022/texmf-dist/tex/latex/eso-pic/eso-pic.sty
Package: eso-pic 2020/10/14 v3.0a eso-pic (RN)
\ESO@tempdima=\dimen177
\ESO@tempdimb=\dimen178

(c:/texlive/2022/texmf-dist/tex/latex/xcolor/xcolor.sty
Package: xcolor 2022/06/12 v2.14 LaTeX color extensions (UK)

(c:/texlive/2022/texmf-dist/tex/latex/graphics-cfg/color.cfg
File: color.cfg 2016/01/02 v1.6 sample color configuration
)
Package xcolor Info: Driver file: pdftex.def on input line 227.

(c:/texlive/2022/texmf-dist/tex/latex/graphics/mathcolor.ltx)
Package xcolor Info: Model `cmy' substituted by `cmy0' on input line 1353.
Package xcolor Info: Model `hsb' substituted by `rgb' on input line 1357.
Package xcolor Info: Model `RGB' extended on input line 1369.
Package xcolor Info: Model `HTML' substituted by `rgb' on input line 1371.
Package xcolor Info: Model `Hsb' substituted by `hsb' on input line 1372.
Package xcolor Info: Model `tHsb' substituted by `hsb' on input line 1373.
Package xcolor Info: Model `HSB' substituted by `hsb' on input line 1374.
Package xcolor Info: Model `Gray' substituted by `gray' on input line 1375.
Package xcolor Info: Model `wave' substituted by `hsb' on input line 1376.
))
\AM@pagewidth=\dimen179
\AM@pageheight=\dimen180
\AM@fboxrule=\dimen181

(c:/texlive/2022/texmf-dist/tex/latex/pdfpages/pppdftex.def
File: pppdftex.def 2022/05/22 v0.5v Pdfpages driver for pdfTeX (AM)
)
\pdfpages@includegraphics@status=\count305
\AM@pagebox=\box56
\AM@global@opts=\toks30
\AM@pagecnt=\count306
\AM@toc@title=\toks31
\c@AM@survey=\count307
\AM@templatesizebox=\box57
)
\c@tetel=\count308

(c:/texlive/2022/texmf-dist/tex/latex/listings/lstlang1.sty
File: lstlang1.sty 2020/03/24 1.8d listings language file
)
(c:/texlive/2022/texmf-dist/tex/latex/listings/lstlang2.sty
File: lstlang2.sty 2020/03/24 1.8d listings language file
)
(c:/texlive/2022/texmf-dist/tex/latex/upquote/upquote.sty
Package: upquote 2012/04/19 v1.3 upright-quote and grave-accent glyphs in verba
tim

(c:/texlive/2022/texmf-dist/tex/latex/base/textcomp.sty
Package: textcomp 2020/02/02 v2.0n Standard LaTeX package
))
(c:/texlive/2022/texmf-dist/tex/latex/l3backend/l3backend-pdftex.def
File: l3backend-pdftex.def 2022-08-30 L3 backend support: PDF output (pdfTeX)
\l__color_backend_stack_int=\count309
\l__pdf_internal_box=\box58
)
(./OOHQ3E_2023.aux)
\openout1 = `OOHQ3E_2023.aux'.

LaTeX Font Info:    Checking defaults for OML/cmm/m/it on input line 45.
LaTeX Font Info:    ... okay on input line 45.
LaTeX Font Info:    Checking defaults for OMS/cmsy/m/n on input line 45.
LaTeX Font Info:    ... okay on input line 45.
LaTeX Font Info:    Checking defaults for OT1/cmr/m/n on input line 45.
LaTeX Font Info:    ... okay on input line 45.
LaTeX Font Info:    Checking defaults for T1/cmr/m/n on input line 45.
LaTeX Font Info:    ... okay on input line 45.
LaTeX Font Info:    Checking defaults for TS1/cmr/m/n on input line 45.
LaTeX Font Info:    ... okay on input line 45.
LaTeX Font Info:    Checking defaults for OMX/cmex/m/n on input line 45.
LaTeX Font Info:    ... okay on input line 45.
LaTeX Font Info:    Checking defaults for U/cmr/m/n on input line 45.
LaTeX Font Info:    ... okay on input line 45.
LaTeX Font Info:    Checking defaults for PD1/pdf/m/n on input line 45.
LaTeX Font Info:    ... okay on input line 45.
LaTeX Font Info:    Checking defaults for PU/pdf/m/n on input line 45.
LaTeX Font Info:    ... okay on input line 45.
Package hyperref Info: Link coloring OFF on input line 45.
 (./OOHQ3E_2023.out) (./OOHQ3E_2023.out)
\@outlinefile=\write3
\openout3 = `OOHQ3E_2023.out'.


*geometry* driver: auto-detecting
*geometry* detected driver: pdftex
*geometry* verbose mode - [ preamble ] result:
* driver: pdftex
* paper: a4paper
* layout: <same size as paper>
* layoutoffset:(h,v)=(0.0pt,0.0pt)
* modes: 
* h-part:(L,W,R)=(85.35826pt, 441.01773pt, 71.13188pt)
* v-part:(T,H,B)=(71.13188pt, 702.78308pt, 71.13188pt)
* \paperwidth=597.50787pt
* \paperheight=845.04684pt
* \textwidth=441.01773pt
* \textheight=702.78308pt
* \oddsidemargin=13.08827pt
* \evensidemargin=13.08827pt
* \topmargin=-38.1381pt
* \headheight=12.0pt
* \headsep=25.0pt
* \topskip=12.0pt
* \footskip=30.0pt
* \marginparwidth=44.0pt
* \marginparsep=10.0pt
* \columnsep=10.0pt
* \skip\footins=10.8pt plus 4.0pt minus 2.0pt
* \hoffset=0.0pt
* \voffset=0.0pt
* \mag=1000
* \@twocolumnfalse
* \@twosidefalse
* \@mparswitchfalse
* \@reversemarginfalse
* (1in=72.27pt=25.4mm, 1cm=28.453pt)

LaTeX Font Info:    Trying to load font information for OT1+lmr on input line 4
5.
(c:/texlive/2022/texmf-dist/tex/latex/lm/ot1lmr.fd
File: ot1lmr.fd 2015/05/01 v1.6.1 Font defs for Latin Modern
)<<ot1.cmap>>
LaTeX Font Info:    Trying to load font information for OML+lmm on input line 4
5.

(c:/texlive/2022/texmf-dist/tex/latex/lm/omllmm.fd
File: omllmm.fd 2015/05/01 v1.6.1 Font defs for Latin Modern
)<<oml.cmap>>
LaTeX Font Info:    Trying to load font information for OMS+lmsy on input line 
45.

(c:/texlive/2022/texmf-dist/tex/latex/lm/omslmsy.fd
File: omslmsy.fd 2015/05/01 v1.6.1 Font defs for Latin Modern
)<<oms.cmap>>
LaTeX Font Info:    Trying to load font information for OMX+lmex on input line 
45.

(c:/texlive/2022/texmf-dist/tex/latex/lm/omxlmex.fd
File: omxlmex.fd 2015/05/01 v1.6.1 Font defs for Latin Modern
)
LaTeX Font Info:    External font `lmex10' loaded for size
(Font)              <12> on input line 45.
<<omx.cmap>>
LaTeX Font Info:    External font `lmex10' loaded for size
(Font)              <8> on input line 45.
LaTeX Font Info:    External font `lmex10' loaded for size
(Font)              <6> on input line 45.
LaTeX Font Info:    Trying to load font information for U+msa on input line 45.


(c:/texlive/2022/texmf-dist/tex/latex/amsfonts/umsa.fd
File: umsa.fd 2013/01/14 v3.01 AMS symbols A
)
LaTeX Font Info:    Trying to load font information for U+msb on input line 45.


(c:/texlive/2022/texmf-dist/tex/latex/amsfonts/umsb.fd
File: umsb.fd 2013/01/14 v3.01 AMS symbols B
)
LaTeX Font Info:    Overwriting symbol font `largesymbols' in version `normal'
(Font)                  OMX/lmex/m/n --> OMX/cmex/m/n on input line 45.
LaTeX Font Info:    Overwriting symbol font `largesymbols' in version `bold'
(Font)                  OMX/lmex/m/n --> OMX/cmex/m/n on input line 45.

(c:/texlive/2022/texmf-dist/tex/context/base/mkii/supp-pdf.mkii
[Loading MPS to PDF converter (version 2006.09.02).]
\scratchcounter=\count310
\scratchdimen=\dimen182
\scratchbox=\box59
\nofMPsegments=\count311
\nofMParguments=\count312
\everyMPshowfont=\toks32
\MPscratchCnt=\count313
\MPscratchDim=\dimen183
\MPnumerator=\count314
\makeMPintoPDFobject=\count315
\everyMPtoPDFconversion=\toks33
) (c:/texlive/2022/texmf-dist/tex/latex/epstopdf-pkg/epstopdf-base.sty
Package: epstopdf-base 2020-01-24 v2.11 Base part for package epstopdf
Package epstopdf-base Info: Redefining graphics rule for `.eps' on input line 4
85.

(c:/texlive/2022/texmf-dist/tex/latex/latexconfig/epstopdf-sys.cfg
File: epstopdf-sys.cfg 2010/07/13 v1.3 Configuration of (r)epstopdf for TeX Liv
e
))
\c@lstlisting=\count316

(c:/texlive/2022/texmf-dist/tex/latex/base/inputenc.sty
Package: inputenc 2021/02/14 v1.3d Input encoding file
\inpenc@prehook=\toks34
\inpenc@posthook=\toks35
)
(c:/texlive/2022/texmf-dist/tex/latex/pdflscape/pdflscape.sty
Package: pdflscape 2019/12/05 v0.12 Display of landscape pages in PDF (HO)

(c:/texlive/2022/texmf-dist/tex/latex/graphics/lscape.sty
Package: lscape 2020/05/28 v3.02 Landscape Pages (DPC)
)
Package pdflscape Info: Auto-detected driver: pdftex on input line 81.
)
(c:/texlive/2022/texmf-dist/tex/latex/base/report.cls
LaTeX Info: Redefining \cal on input line 577.
LaTeX Info: Redefining \mit on input line 578.
)
<eszterhazy-logo-hu.pdf, id=254, 256.07971pt x 88.04292pt>
File: eszterhazy-logo-hu.pdf Graphic file (type pdf)
<use eszterhazy-logo-hu.pdf>
Package pdftex.def Info: eszterhazy-logo-hu.pdf  used on input line 52.
(pdftex.def)             Requested size: 256.07907pt x 88.0427pt.
 [1


{c:/texlive/2022/texmf-var/fonts/map/pdftex/updmap/pdftex.map} <c:/texlive/2022
/texmf-dist/tex/latex/thesis-ekf/eszterhazy-logo-hu.pdf>] (./OOHQ3E_2023.toc [2

])
\tf@toc=\write4
\openout4 = `OOHQ3E_2023.toc'.

 [3] [4

]
1. fejezet.
[5

] [6]
LaTeX Font Info:    Trying to load font information for T1+lmtt on input line 1
05.
 (c:/texlive/2022/texmf-dist/tex/latex/lm/t1lmtt.fd
File: t1lmtt.fd 2015/05/01 v1.6.1 Font defs for Latin Modern
) [7] [8]
Overfull \hbox (2.17653pt too wide) in paragraph at lines 135--137
\T1/lmr/m/n/12 A Ho-me As-sis-tant 2013 no-vem-be-ré-re ke-rült pub-li-ká-lás-r
a \T1/lmr/m/it/12 Git-Hub.com\T1/lmr/m/n/12 -on \T1/lmr/m/sc/12 Pa-u-lus Scho-
 []

[9] [10]
2. fejezet.
[11

] [12]
<./src/schematics/ESP32 CAM schematics.pdf, id=438, 526.96875pt x 276.03125pt>
File: ./src/schematics/ESP32 CAM schematics.pdf Graphic file (type pdf)
<use ./src/schematics/ESP32 CAM schematics.pdf>
Package pdftex.def Info: ./src/schematics/ESP32 CAM schematics.pdf  used on inp
ut line 215.
(pdftex.def)             Requested size: 441.01773pt x 231.02228pt.
 [13 <./src/schematics/ESP32 CAM schematics.pdf>]
<./src/schematics/temperature and humidity sensor_bb.pdf, id=474, 658.46pt x 21
4.8025pt>
File: ./src/schematics/temperature and humidity sensor_bb.pdf Graphic file (typ
e pdf)
<use ./src/schematics/temperature and humidity sensor_bb.pdf>
Package pdftex.def Info: ./src/schematics/temperature and humidity sensor_bb.pd
f  used on input line 227.
(pdftex.def)             Requested size: 441.01773pt x 143.87103pt.
 [14 <./src/schematics/temperature and humidity sensor_bb.pdf>]
<./src/schematics/RFID reader schematics_bb.pdf, id=540, 658.46pt x 304.13625pt
>
File: ./src/schematics/RFID reader schematics_bb.pdf Graphic file (type pdf)
<use ./src/schematics/RFID reader schematics_bb.pdf>
Package pdftex.def Info: ./src/schematics/RFID reader schematics_bb.pdf  used o
n input line 244.
(pdftex.def)             Requested size: 441.01773pt x 203.70525pt.
<./src/schematics/ESP32 toggle schematics_bb.pdf, id=543, 472.76625pt x 307.147
5pt>
File: ./src/schematics/ESP32 toggle schematics_bb.pdf Graphic file (type pdf)
<use ./src/schematics/ESP32 toggle schematics_bb.pdf>
Package pdftex.def Info: ./src/schematics/ESP32 toggle schematics_bb.pdf  used 
on input line 261.
(pdftex.def)             Requested size: 441.01773pt x 286.53pt.
 [15 <./src/schematics/RFID reader schematics_bb.pdf>] [16 <./src/schematics/ES
P32 toggle schematics_bb.pdf>]
[17] [18]
<./src/icons/arrow-left-solid.png, id=689, 450.7239pt x 386.6445pt>
File: ./src/icons/arrow-left-solid.png Graphic file (type png)
<use ./src/icons/arrow-left-solid.png>
Package pdftex.def Info: ./src/icons/arrow-left-solid.png  used on input line 3
29.
(pdftex.def)             Requested size: 14.22636pt x 12.20059pt.
<./src/icons/clock-rotate-left-solid.png, id=691, 515.0442pt x 515.0442pt>
File: ./src/icons/clock-rotate-left-solid.png Graphic file (type png)
<use ./src/icons/clock-rotate-left-solid.png>
Package pdftex.def Info: ./src/icons/clock-rotate-left-solid.png  used on input
 line 332.
(pdftex.def)             Requested size: 14.22636pt x 14.22466pt.
<./src/icons/plus-solid.png, id=692, 418.6842pt x 418.6842pt>
File: ./src/icons/plus-solid.png Graphic file (type png)
<use ./src/icons/plus-solid.png>
Package pdftex.def Info: ./src/icons/plus-solid.png  used on input line 335.
(pdftex.def)             Requested size: 14.22636pt x 14.22101pt.
<./src/icons/pen-to-square-regular.png, id=693, 510.9489pt x 510.9489pt>
File: ./src/icons/pen-to-square-regular.png Graphic file (type png)
<use ./src/icons/pen-to-square-regular.png>
Package pdftex.def Info: ./src/icons/pen-to-square-regular.png  used on input l
ine 338.
(pdftex.def)             Requested size: 14.22636pt x 14.2207pt.
<./src/icons/trash-can-solid.png, id=694, 450.7239pt x 515.0442pt>
File: ./src/icons/trash-can-solid.png Graphic file (type png)
<use ./src/icons/trash-can-solid.png>
Package pdftex.def Info: ./src/icons/trash-can-solid.png  used on input line 34
1.
(pdftex.def)             Requested size: 14.22636pt x 16.25226pt.
<./src/icons/arrow-rotate-right-solid.png, id=695, 466.8642pt x 450.7239pt>
File: ./src/icons/arrow-rotate-right-solid.png Graphic file (type png)
<use ./src/icons/arrow-rotate-right-solid.png>
Package pdftex.def Info: ./src/icons/arrow-rotate-right-solid.png  used on inpu
t line 344.
(pdftex.def)             Requested size: 14.22636pt x 13.73433pt.
<./src/icons/ban-solid.png, id=696, 515.0442pt x 515.0442pt>
File: ./src/icons/ban-solid.png Graphic file (type png)
<use ./src/icons/ban-solid.png>
Package pdftex.def Info: ./src/icons/ban-solid.png  used on input line 347.
(pdftex.def)             Requested size: 14.22636pt x 14.22466pt.
 [19 <./src/icons/arrow-left-solid.png> <./src/icons/clock-rotate-left-solid.pn
g> <./src/icons/plus-solid.png> <./src/icons/pen-to-square-regular.png> <./src/
icons/trash-can-solid.png> <./src/icons/arrow-rotate-right-solid.png>]
<./src/icons/gear-solid.png, id=713, 485.4135pt x 514.8033pt>
File: ./src/icons/gear-solid.png Graphic file (type png)
<use ./src/icons/gear-solid.png>
Package pdftex.def Info: ./src/icons/gear-solid.png  used on input line 350.
(pdftex.def)             Requested size: 14.22636pt x 15.08208pt.
<./src/icons/key-solid.png, id=714, 515.0442pt x 515.0442pt>
File: ./src/icons/key-solid.png Graphic file (type png)
<use ./src/icons/key-solid.png>
Package pdftex.def Info: ./src/icons/key-solid.png  used on input line 353.
(pdftex.def)             Requested size: 14.22636pt x 14.22466pt.
<./src/icons/id-card-clip-solid.png, id=715, 579.1236pt x 515.0442pt>
File: ./src/icons/id-card-clip-solid.png Graphic file (type png)
<use ./src/icons/id-card-clip-solid.png>
Package pdftex.def Info: ./src/icons/id-card-clip-solid.png  used on input line
 356.
(pdftex.def)             Requested size: 14.22636pt x 12.64502pt.
[20 <./src/icons/ban-solid.png> <./src/icons/gear-solid.png> <./src/icons/key-s
olid.png> <./src/icons/id-card-clip-solid.png>] [21]
3. fejezet.
[22

]
<./src/database.png, id=766, 1180.41pt x 641.39626pt>
File: ./src/database.png Graphic file (type png)
<use ./src/database.png>
Package pdftex.def Info: ./src/database.png  used on input line 413.
(pdftex.def)             Requested size: 441.01773pt x 239.63239pt.
 [23 <./src/database.png>] [24]
Package hyperref Info: bookmark level for unknown lstlisting defaults to 0 on i
nput line 440.

(c:/texlive/2022/texmf-dist/tex/latex/base/latin2.def
File: latin2.def 2021/02/14 v1.3d Input encoding file
)
(c:/texlive/2022/texmf-dist/tex/generic/stringenc/se-utf8.def
File: se-utf8.def 2019/11/29 v1.12 stringenc: UTF-8
)
(c:/texlive/2022/texmf-dist/tex/generic/stringenc/se-iso-8859-2.def
File: se-iso-8859-2.def 2019/11/29 v1.12 stringenc: ISO-8859-2
)
LaTeX Font Info:    Trying to load font information for TS1+lmr on input line 8
.

(c:/texlive/2022/texmf-dist/tex/latex/lm/ts1lmr.fd
File: ts1lmr.fd 2015/05/01 v1.6.1 Font defs for Latin Modern
)
(c:/texlive/2022/texmf-dist/tex/latex/base/latin2.def
File: latin2.def 2021/02/14 v1.3d Input encoding file
) [25]
<./src/codes/route.png, id=838, 514.92375pt x 31.317pt>
File: ./src/codes/route.png Graphic file (type png)
<use ./src/codes/route.png>
Package pdftex.def Info: ./src/codes/route.png  used on input line 454.
(pdftex.def)             Requested size: 441.01773pt x 26.82265pt.
<./src/codes/route_with_var.png, id=839, 630.55576pt x 34.9305pt>
File: ./src/codes/route_with_var.png Graphic file (type png)
<use ./src/codes/route_with_var.png>
Package pdftex.def Info: ./src/codes/route_with_var.png  used on input line 460
.
(pdftex.def)             Requested size: 441.01773pt x 24.43144pt.
<./src/codes/controller_func.png, id=840, 259.56975pt x 31.317pt>
File: ./src/codes/controller_func.png Graphic file (type png)
<use ./src/codes/controller_func.png>
Package pdftex.def Info: ./src/codes/controller_func.png  used on input line 46
4.
(pdftex.def)             Requested size: 441.01773pt x 53.20949pt.
 [26 <./src/codes/route.png>]
<./src/codes/return_view.png, id=865, 329.43076pt x 76.48575pt>
File: ./src/codes/return_view.png Graphic file (type png)
<use ./src/codes/return_view.png>
Package pdftex.def Info: ./src/codes/return_view.png  used on input line 485.
(pdftex.def)             Requested size: 441.01773pt x 102.40047pt.
<./src/codes/return_lists.png, id=866, 350.5095pt x 167.4255pt>
File: ./src/codes/return_lists.png Graphic file (type png)
<use ./src/codes/return_lists.png>
Package pdftex.def Info: ./src/codes/return_lists.png  used on input line 489.
(pdftex.def)             Requested size: 441.01773pt x 210.66089pt.
 [27 <./src/codes/route_with_var.png> <./src/codes/controller_func.png>] [28 <.
/src/codes/return_view.png> <./src/codes/return_lists.png>]
<./src/pages_img/index.png, id=888, 1156.32pt x 539.616pt>
File: ./src/pages_img/index.png Graphic file (type png)
<use ./src/pages_img/index.png>
Package pdftex.def Info: ./src/pages_img/index.png  used on input line 511.
(pdftex.def)             Requested size: 441.01773pt x 205.8055pt.
 [29 <./src/pages_img/index.png>] [30]
<./src/pages_img/settings.png, id=910, 1142.46825pt x 540.8205pt>
File: ./src/pages_img/settings.png Graphic file (type png)
<use ./src/pages_img/settings.png>
Package pdftex.def Info: ./src/pages_img/settings.png  used on input line 543.
(pdftex.def)             Requested size: 441.01773pt x 208.77356pt.
<./src/pages_img/sensor-error.png, id=913, 1149.093pt x 372.1905pt>
File: ./src/pages_img/sensor-error.png Graphic file (type png)
<use ./src/pages_img/sensor-error.png>
Package pdftex.def Info: ./src/pages_img/sensor-error.png  used on input line 5
53.
(pdftex.def)             Requested size: 441.01773pt x 142.84796pt.
 [31 <./src/pages_img/settings.png>]
<./src/pages_img/modify-sensor-in-bedroom.png, id=933, 1153.911pt x 479.99326pt
>
File: ./src/pages_img/modify-sensor-in-bedroom.png Graphic file (type png)
<use ./src/pages_img/modify-sensor-in-bedroom.png>
Package pdftex.def Info: ./src/pages_img/modify-sensor-in-bedroom.png  used on 
input line 578.
(pdftex.def)             Requested size: 441.01773pt x 183.44667pt.
 [32 <./src/pages_img/sensor-error.png>]
<./src/pages_img/rfid-settings.png, id=942, 1139.457pt x 536.60475pt>
File: ./src/pages_img/rfid-settings.png Graphic file (type png)
<use ./src/pages_img/rfid-settings.png>
Package pdftex.def Info: ./src/pages_img/rfid-settings.png  used on input line 
591.
(pdftex.def)             Requested size: 441.01773pt x 207.68654pt.
 [33 <./src/pages_img/modify-sensor-in-bedroom.png>]
<./src/pages_img/add-rfid-tag.png, id=954, 1154.51324pt x 343.2825pt>
File: ./src/pages_img/add-rfid-tag.png Graphic file (type png)
<use ./src/pages_img/add-rfid-tag.png>
Package pdftex.def Info: ./src/pages_img/add-rfid-tag.png  used on input line 6
15.
(pdftex.def)             Requested size: 441.01773pt x 131.12964pt.

[34 <./src/pages_img/rfid-settings.png> <./src/pages_img/add-rfid-tag.png>]
<./src/pages_img/modify-rfid-tag.png, id=968, 1156.32pt x 410.7345pt>
File: ./src/pages_img/modify-rfid-tag.png Graphic file (type png)
<use ./src/pages_img/modify-rfid-tag.png>
Package pdftex.def Info: ./src/pages_img/modify-rfid-tag.png  used on input lin
e 630.
(pdftex.def)             Requested size: 441.01773pt x 156.65105pt.
<./src/pages_img/rfid-use-history.png, id=973, 1141.26375pt x 532.99126pt>
File: ./src/pages_img/rfid-use-history.png Graphic file (type png)
<use ./src/pages_img/rfid-use-history.png>
Package pdftex.def Info: ./src/pages_img/rfid-use-history.png  used on input li
ne 642.
(pdftex.def)             Requested size: 441.01773pt x 205.96268pt.

[35 <./src/pages_img/modify-rfid-tag.png>]
<./src/pages_img/humidity-chart.png, id=988, 398.6895pt x 396.2805pt>
File: ./src/pages_img/humidity-chart.png Graphic file (type png)
<use ./src/pages_img/humidity-chart.png>
Package pdftex.def Info: ./src/pages_img/humidity-chart.png  used on input line
 662.
(pdftex.def)             Requested size: 441.01773pt x 438.35277pt.
 [36 <./src/pages_img/rfid-use-history.png>]
<./src/HU_sensor with webserver uml diagram.png, id=996, 882.29625pt x 519.9425
pt>
File: ./src/HU_sensor with webserver uml diagram.png Graphic file (type png)
<use ./src/HU_sensor with webserver uml diagram.png>
Package pdftex.def Info: ./src/HU_sensor with webserver uml diagram.png  used o
n input line 678.
(pdftex.def)             Requested size: 441.01773pt x 259.89128pt.
 [37 <./src/pages_img/humidity-chart.png>] [38 <./src/HU_sensor with webserver 
uml diagram.png (PNG copy)>] [39] [40] [41] [42]
4. fejezet.

Underfull \hbox (badness 3189) in paragraph at lines 759--760
[]\T1/lmr/m/n/12 The test was succ-
 []


Underfull \hbox (badness 1810) in paragraph at lines 763--764
[]\T1/lmr/m/n/12 The test was par-ti-
 []


Underfull \hbox (badness 2707) in paragraph at lines 763--764
\T1/lmr/m/n/12 ally succ-ess-ful, with
 []


Underfull \hbox (badness 2302) in paragraph at lines 767--768
\T1/lmr/m/n/12 ful, with the RFID
 []


Underfull \hbox (badness 2368) in paragraph at lines 767--768
\T1/lmr/m/n/12 tags re-main-ing fully
 []


Underfull \hbox (badness 10000) in paragraph at lines 767--768
\T1/lmr/m/n/12 func-ti-o-nal and re-
 []


Underfull \hbox (badness 10000) in paragraph at lines 767--768
\T1/lmr/m/n/12 adab-le even with
 []


Overfull \hbox (50.22633pt too wide) in paragraph at lines 753--774
 [][] 
 []

[43

] [44]
5. fejezet.
[45

] [46

]
Underfull \hbox (badness 10000) in paragraph at lines 789--793
\T1/lmr/m/sc/12 URL:[]$\T1/lmtt/m/n/12 https : / / developer . amazon . com / b
logs / alexa / post /
 []


Overfull \hbox (206.61446pt too wide) in paragraph at lines 789--793
\T1/lmtt/m/n/12 a89f7243-[]08a0-[]4c73-[]8fc5-[]eb604a93f437 / define-[]your-[]
appliance-[]category-[]for-[]a-[]better-[]customer-[]experience$[] 
 []


Underfull \hbox (badness 10000) in paragraph at lines 810--813
\T1/lmr/m/sc/12 URL: []$\T1/lmtt/m/n/12 https : / / www . linux . com / topic /
 embedded-[]iot /
 []


Underfull \hbox (badness 10000) in paragraph at lines 830--833
\T1/lmr/m/sc/12 URL: []$\T1/lmtt/m/n/12 https : / / www . raspberrypi . com / d
ocumentation / computers /
 []

[47

]
Underfull \hbox (badness 10000) in paragraph at lines 835--838
\T1/lmr/m/sc/12 URL: []$\T1/lmtt/m/n/12 https : / / www . espressif . com / sit
es / default / files / documentation /
 []


Underfull \hbox (badness 10000) in paragraph at lines 850--853
\T1/lmr/m/sc/12 URL: []$\T1/lmtt/m/n/12 https : / / www . sparkfun . com / data
sheets / Sensors / Temperature /
 []


Underfull \hbox (badness 1057) in paragraph at lines 855--858
[]\T1/lmr/m/sc/12 U.S. Fo-od and Drug Ad-mi-nistra-ti-on: \T1/lmr/m/it/12 Ra-di
o Fre-qu-ency Iden-ti-fi-ca-ti-on
 []


Underfull \hbox (badness 10000) in paragraph at lines 855--858
\T1/lmr/m/sc/12 URL: []$\T1/lmtt/m/n/12 https : / / www . fda . gov / radiation
-[]emitting-[]products /
 []


Overfull \hbox (11.71037pt too wide) in paragraph at lines 855--858
\T1/lmtt/m/n/12 electromagnetic-[]compatibility-[]emc / radio-[]frequency-[]ide
ntification-[]rfid$[] 
 []


Underfull \hbox (badness 10000) in paragraph at lines 865--868
\T1/lmr/m/sc/12 URL: []$\T1/lmtt/m/n/12 https : / / www . circuitbread . com / 
ee-[]faq /
 []


Underfull \hbox (badness 10000) in paragraph at lines 875--878
\T1/lmr/m/sc/12 URL: []$\T1/lmtt/m/n/12 https : / / www . techtarget . com / wh
atis / definition /
 []

[48]
Underfull \hbox (badness 10000) in paragraph at lines 880--883
\T1/lmr/m/sc/12 URL: []$\T1/lmtt/m/n/12 https : / / www . pluralsight . com / c
ourses /
 []

[49]
Overfull \hbox (147.33386pt too wide) in paragraph at lines 970--973
\T1/lmr/m/sc/12 URL: []$\T1/lmtt/m/n/12 https : / / iotprojectsideas . com / co
nnect-[]rfid-[]to-[]php-[]mysql-[]database-[]with-[]nodemcu-[]esp8266/$[] 
 []


Underfull \hbox (badness 10000) in paragraph at lines 975--978
\T1/lmr/m/sc/12 URL: []$\T1/lmtt/m/n/12 https : / / www . arduino . cc / refere
nce / en / libraries /
 []


Overfull \hbox (8.9978pt too wide) in paragraph at lines 980--983
\T1/lmr/m/sc/12 URL: []$\T1/lmtt/m/n/12 https : / / www . instructables . com /
 Arduino-[]to-[]Laravel-[]Communication/$[] 
 []

[50]
Underfull \hbox (badness 10000) in paragraph at lines 1000--1003
\T1/lmr/m/sc/12 URL: []$\T1/lmtt/m/n/12 https : / / www . raspberrypi . com / d
ocumentation / /computers /
 []



pdfTeX warning: pdflatex.exe (file ./nyilatkozat.pdf): PDF inclusion: found PDF
 version <1.6>, but at most version <1.5> allowed
<nyilatkozat.pdf, id=1140, 597.432pt x 845.07718pt>
File: nyilatkozat.pdf Graphic file (type pdf)
<use nyilatkozat.pdf>
Package pdftex.def Info: nyilatkozat.pdf  used on input line 1012.
(pdftex.def)             Requested size: 597.43054pt x 845.07512pt.


pdfTeX warning: pdflatex.exe (file ./nyilatkozat.pdf): PDF inclusion: found PDF
 version <1.6>, but at most version <1.5> allowed
File: nyilatkozat.pdf Graphic file (type pdf)
<use nyilatkozat.pdf>
Package pdftex.def Info: nyilatkozat.pdf  used on input line 1012.
(pdftex.def)             Requested size: 597.43054pt x 845.07512pt.


pdfTeX warning: pdflatex.exe (file ./nyilatkozat.pdf): PDF inclusion: found PDF
 version <1.6>, but at most version <1.5> allowed


pdfTeX warning: pdflatex.exe (file ./nyilatkozat.pdf): PDF inclusion: found PDF
 version <1.6>, but at most version <1.5> allowed
<nyilatkozat.pdf, id=1143, page=1, 597.432pt x 845.07718pt>
File: nyilatkozat.pdf Graphic file (type pdf)
<use nyilatkozat.pdf, page 1>
Package pdftex.def Info: nyilatkozat.pdf , page1 used on input line 1012.
(pdftex.def)             Requested size: 597.43054pt x 845.07512pt.
File: nyilatkozat.pdf Graphic file (type pdf)
<use nyilatkozat.pdf, page 1>
Package pdftex.def Info: nyilatkozat.pdf , page1 used on input line 1012.
(pdftex.def)             Requested size: 597.45789pt x 845.1138pt.
[51]
File: nyilatkozat.pdf Graphic file (type pdf)
<use nyilatkozat.pdf, page 1>
Package pdftex.def Info: nyilatkozat.pdf , page1 used on input line 1012.
(pdftex.def)             Requested size: 597.45789pt x 845.1138pt.
File: nyilatkozat.pdf Graphic file (type pdf)
<use nyilatkozat.pdf, page 1>
Package pdftex.def Info: nyilatkozat.pdf , page1 used on input line 1012.
(pdftex.def)             Requested size: 597.45789pt x 845.1138pt.
File: nyilatkozat.pdf Graphic file (type pdf)
<use nyilatkozat.pdf, page 1>
Package pdftex.def Info: nyilatkozat.pdf , page1 used on input line 1012.
(pdftex.def)             Requested size: 597.45789pt x 845.1138pt.
 [52 <./nyilatkozat.pdf>] (./OOHQ3E_2023.aux)
Package rerunfilecheck Info: File `OOHQ3E_2023.out' has not changed.
(rerunfilecheck)             Checksum: EC5E4624BE0C0DDBD79E67630D64A6CE;12344.
 ) 
Here is how much of TeX's memory you used:
 19993 strings out of 475075
 328077 string characters out of 5783001
 1318271 words of memory out of 5000000
 40700 multiletter control sequences out of 15000+600000
 559239 words of font info for 93 fonts, out of 8000000 for 9000
 1141 hyphenation exceptions out of 8191
 75i,17n,81p,1878b,3668s stack positions out of 10000i,1000n,20000p,200000b,200000s
{c:/texlive/2022/texmf-dist/fonts/enc/dvips/lm/lm-ec.enc}{c:/texlive/2022/tex
mf-dist/fonts/enc/dvips/lm/lm-ts1.enc}{c:/texlive/2022/texmf-dist/fonts/enc/dvi
ps/lm/lm-mathsy.enc}{c:/texlive/2022/texmf-dist/fonts/enc/dvips/lm/lm-mathit.en
c}<c:/texlive/2022/texmf-dist/fonts/type1/public/lm/lmbx10.pfb><c:/texlive/2022
/texmf-dist/fonts/type1/public/lm/lmbx12.pfb><c:/texlive/2022/texmf-dist/fonts/
type1/public/lm/lmbxi10.pfb><c:/texlive/2022/texmf-dist/fonts/type1/public/lm/l
mcsc10.pfb><c:/texlive/2022/texmf-dist/fonts/type1/public/lm/lmmi10.pfb><c:/tex
live/2022/texmf-dist/fonts/type1/public/lm/lmr10.pfb><c:/texlive/2022/texmf-dis
t/fonts/type1/public/lm/lmr12.pfb><c:/texlive/2022/texmf-dist/fonts/type1/publi
c/lm/lmr7.pfb><c:/texlive/2022/texmf-dist/fonts/type1/public/lm/lmr8.pfb><c:/te
xlive/2022/texmf-dist/fonts/type1/public/lm/lmri10.pfb><c:/texlive/2022/texmf-d
ist/fonts/type1/public/lm/lmri12.pfb><c:/texlive/2022/texmf-dist/fonts/type1/pu
blic/lm/lmsy10.pfb><c:/texlive/2022/texmf-dist/fonts/type1/public/lm/lmtt10.pfb
><c:/texlive/2022/texmf-dist/fonts/type1/public/lm/lmtt12.pfb>
Output written on OOHQ3E_2023.pdf (52 pages, 4395140 bytes).
PDF statistics:
 1294 PDF objects out of 1440 (max. 8388607)
 1076 compressed objects within 11 object streams
 283 named destinations out of 1000 (max. 500000)
 684 words of extra memory for PDF output out of 10000 (max. 10000000)

