This is pdfTeX, Version 3.141592653-2.6-1.40.24 (TeX Live 2022) (preloaded format=pdflatex 2022.9.11)  8 APR 2023 14:06
entering extended mode
 restricted \write18 enabled.
 %&-line parsing enabled.
**thesis-oohq3e.tex
(./thesis-oohq3e.tex
LaTeX2e <2022-06-01> patch level 5
L3 programming layer <2022-08-30>
(c:/texlive/2022/texmf-dist/tex/latex/thesis-ekf/thesis-ekf.cls
Document Class: thesis-ekf 2021/08/12 v4.2 Thesis class for Eszterhazy Karoly C
atholic University (Eger, Hungary)
(c:/texlive/2022/texmf-dist/tex/latex/kvoptions/kvoptions.sty
Package: kvoptions 2022-06-15 v3.15 Key value format for package options (HO)

(c:/texlive/2022/texmf-dist/tex/latex/graphics/keyval.sty
Package: keyval 2022/05/29 v1.15 key=value parser (DPC)
\KV@toks@=\toks16
)
(c:/texlive/2022/texmf-dist/tex/generic/ltxcmds/ltxcmds.sty
Package: ltxcmds 2020-05-10 v1.25 LaTeX kernel commands for general use (HO)
)
(c:/texlive/2022/texmf-dist/tex/generic/kvsetkeys/kvsetkeys.sty
Package: kvsetkeys 2019/12/15 v1.18 Key value parser (HO)
))
(c:/texlive/2022/texmf-dist/tex/latex/base/report.cls
Document Class: report 2021/10/04 v1.4n Standard LaTeX document class
(c:/texlive/2022/texmf-dist/tex/latex/base/size12.clo
File: size12.clo 2021/10/04 v1.4n Standard LaTeX file (size option)
)
\c@part=\count185
\c@chapter=\count186
\c@section=\count187
\c@subsection=\count188
\c@subsubsection=\count189
\c@paragraph=\count190
\c@subparagraph=\count191
\c@figure=\count192
\c@table=\count193
\abovecaptionskip=\skip47
\belowcaptionskip=\skip48
\bibindent=\dimen138
)
(c:/texlive/2022/texmf-dist/tex/generic/iftex/iftex.sty
Package: iftex 2022/02/03 v1.0f TeX engine tests
)
(c:/texlive/2022/texmf-dist/tex/latex/cmap/cmap.sty
Package: cmap 2021/02/06 v1.0j CMap support: searchable PDF
)
(c:/texlive/2022/texmf-dist/tex/latex/setspace/setspace.sty
Package: setspace 2011/12/19 v6.7a set line spacing
)
(c:/texlive/2022/texmf-dist/tex/latex/hyperref/hyperref.sty
Package: hyperref 2022-06-20 v7.00s Hypertext links for LaTeX

(c:/texlive/2022/texmf-dist/tex/generic/pdftexcmds/pdftexcmds.sty
Package: pdftexcmds 2020-06-27 v0.33 Utility functions of pdfTeX for LuaTeX (HO
)

(c:/texlive/2022/texmf-dist/tex/generic/infwarerr/infwarerr.sty
Package: infwarerr 2019/12/03 v1.5 Providing info/warning/error messages (HO)
)
Package pdftexcmds Info: \pdf@primitive is available.
Package pdftexcmds Info: \pdf@ifprimitive is available.
Package pdftexcmds Info: \pdfdraftmode found.
)
(c:/texlive/2022/texmf-dist/tex/generic/kvdefinekeys/kvdefinekeys.sty
Package: kvdefinekeys 2019-12-19 v1.6 Define keys (HO)
)
(c:/texlive/2022/texmf-dist/tex/generic/pdfescape/pdfescape.sty
Package: pdfescape 2019/12/09 v1.15 Implements pdfTeX's escape features (HO)
)
(c:/texlive/2022/texmf-dist/tex/latex/hycolor/hycolor.sty
Package: hycolor 2020-01-27 v1.10 Color options for hyperref/bookmark (HO)
)
(c:/texlive/2022/texmf-dist/tex/latex/letltxmacro/letltxmacro.sty
Package: letltxmacro 2019/12/03 v1.6 Let assignment for LaTeX macros (HO)
)
(c:/texlive/2022/texmf-dist/tex/latex/auxhook/auxhook.sty
Package: auxhook 2019-12-17 v1.6 Hooks for auxiliary files (HO)
)
(c:/texlive/2022/texmf-dist/tex/latex/hyperref/nameref.sty
Package: nameref 2022-05-17 v2.50 Cross-referencing by name of section

(c:/texlive/2022/texmf-dist/tex/latex/refcount/refcount.sty
Package: refcount 2019/12/15 v3.6 Data extraction from label references (HO)
)
(c:/texlive/2022/texmf-dist/tex/generic/gettitlestring/gettitlestring.sty
Package: gettitlestring 2019/12/15 v1.6 Cleanup title references (HO)
)
\c@section@level=\count194
)
\@linkdim=\dimen139
\Hy@linkcounter=\count195
\Hy@pagecounter=\count196

(c:/texlive/2022/texmf-dist/tex/latex/hyperref/pd1enc.def
File: pd1enc.def 2022-06-20 v7.00s Hyperref: PDFDocEncoding definition (HO)
Now handling font encoding PD1 ...
... no UTF-8 mapping file for font encoding PD1
)
(c:/texlive/2022/texmf-dist/tex/generic/intcalc/intcalc.sty
Package: intcalc 2019/12/15 v1.3 Expandable calculations with integers (HO)
)
(c:/texlive/2022/texmf-dist/tex/generic/etexcmds/etexcmds.sty
Package: etexcmds 2019/12/15 v1.7 Avoid name clashes with e-TeX commands (HO)
)
\Hy@SavedSpaceFactor=\count197

(c:/texlive/2022/texmf-dist/tex/latex/hyperref/puenc.def
File: puenc.def 2022-06-20 v7.00s Hyperref: PDF Unicode definition (HO)
Now handling font encoding PU ...
... no UTF-8 mapping file for font encoding PU
)
Package hyperref Info: Option `unicode' set `true' on input line 4045.
Package hyperref Info: Option `linktocpage' set `true' on input line 4045.
Package hyperref Info: Option `bookmarksnumbered' set `true' on input line 4045
.
Package hyperref Info: Hyper figures OFF on input line 4162.
Package hyperref Info: Link nesting OFF on input line 4167.
Package hyperref Info: Hyper index ON on input line 4170.
Package hyperref Info: Plain pages OFF on input line 4177.
Package hyperref Info: Backreferencing OFF on input line 4182.
Package hyperref Info: Implicit mode ON; LaTeX internals redefined.
Package hyperref Info: Bookmarks ON on input line 4408.
\c@Hy@tempcnt=\count198

(c:/texlive/2022/texmf-dist/tex/latex/url/url.sty
\Urlmuskip=\muskip16
Package: url 2013/09/16  ver 3.4  Verb mode for urls, etc.
)
LaTeX Info: Redefining \url on input line 4746.
\XeTeXLinkMargin=\dimen140

(c:/texlive/2022/texmf-dist/tex/generic/bitset/bitset.sty
Package: bitset 2019/12/09 v1.3 Handle bit-vector datatype (HO)

(c:/texlive/2022/texmf-dist/tex/generic/bigintcalc/bigintcalc.sty
Package: bigintcalc 2019/12/15 v1.5 Expandable calculations on big integers (HO
)
))
\Fld@menulength=\count199
\Field@Width=\dimen141
\Fld@charsize=\dimen142
Package hyperref Info: Hyper figures OFF on input line 6024.
Package hyperref Info: Link nesting OFF on input line 6029.
Package hyperref Info: Hyper index ON on input line 6032.
Package hyperref Info: backreferencing OFF on input line 6039.
Package hyperref Info: Link coloring OFF on input line 6044.
Package hyperref Info: Link coloring with OCG OFF on input line 6049.
Package hyperref Info: PDF/A mode OFF on input line 6054.

(c:/texlive/2022/texmf-dist/tex/latex/base/atbegshi-ltx.sty
Package: atbegshi-ltx 2021/01/10 v1.0c Emulation of the original atbegshi
package with kernel methods
)
\Hy@abspage=\count266
\c@Item=\count267
\c@Hfootnote=\count268
)
Package hyperref Info: Driver (autodetected): hpdftex.

(c:/texlive/2022/texmf-dist/tex/latex/hyperref/hpdftex.def
File: hpdftex.def 2022-06-20 v7.00s Hyperref driver for pdfTeX

(c:/texlive/2022/texmf-dist/tex/latex/base/atveryend-ltx.sty
Package: atveryend-ltx 2020/08/19 v1.0a Emulation of the original atveryend pac
kage
with kernel methods
)
\Fld@listcount=\count269
\c@bookmark@seq@number=\count270

(c:/texlive/2022/texmf-dist/tex/latex/rerunfilecheck/rerunfilecheck.sty
Package: rerunfilecheck 2022-07-10 v1.10 Rerun checks for auxiliary files (HO)

(c:/texlive/2022/texmf-dist/tex/generic/uniquecounter/uniquecounter.sty
Package: uniquecounter 2019/12/15 v1.4 Provide unlimited unique counter (HO)
)
Package uniquecounter Info: New unique counter `rerunfilecheck' on input line 2
85.
)
\Hy@SectionHShift=\skip49
)
(c:/texlive/2022/texmf-dist/tex/latex/geometry/geometry.sty
Package: geometry 2020/01/02 v5.9 Page Geometry

(c:/texlive/2022/texmf-dist/tex/generic/iftex/ifvtex.sty
Package: ifvtex 2019/10/25 v1.7 ifvtex legacy package. Use iftex instead.
)
\Gm@cnth=\count271
\Gm@cntv=\count272
\c@Gm@tempcnt=\count273
\Gm@bindingoffset=\dimen143
\Gm@wd@mp=\dimen144
\Gm@odd@mp=\dimen145
\Gm@even@mp=\dimen146
\Gm@layoutwidth=\dimen147
\Gm@layoutheight=\dimen148
\Gm@layouthoffset=\dimen149
\Gm@layoutvoffset=\dimen150
\Gm@dimlist=\toks17
)
(c:/texlive/2022/texmf-dist/tex/latex/lm/lmodern.sty
Package: lmodern 2015/05/01 v1.6.1 Latin Modern Fonts
LaTeX Font Info:    Overwriting symbol font `operators' in version `normal'
(Font)                  OT1/cmr/m/n --> OT1/lmr/m/n on input line 22.
LaTeX Font Info:    Overwriting symbol font `letters' in version `normal'
(Font)                  OML/cmm/m/it --> OML/lmm/m/it on input line 23.
LaTeX Font Info:    Overwriting symbol font `symbols' in version `normal'
(Font)                  OMS/cmsy/m/n --> OMS/lmsy/m/n on input line 24.
LaTeX Font Info:    Overwriting symbol font `largesymbols' in version `normal'
(Font)                  OMX/cmex/m/n --> OMX/lmex/m/n on input line 25.
LaTeX Font Info:    Overwriting symbol font `operators' in version `bold'
(Font)                  OT1/cmr/bx/n --> OT1/lmr/bx/n on input line 26.
LaTeX Font Info:    Overwriting symbol font `letters' in version `bold'
(Font)                  OML/cmm/b/it --> OML/lmm/b/it on input line 27.
LaTeX Font Info:    Overwriting symbol font `symbols' in version `bold'
(Font)                  OMS/cmsy/b/n --> OMS/lmsy/b/n on input line 28.
LaTeX Font Info:    Overwriting symbol font `largesymbols' in version `bold'
(Font)                  OMX/cmex/m/n --> OMX/lmex/m/n on input line 29.
LaTeX Font Info:    Overwriting math alphabet `\mathbf' in version `normal'
(Font)                  OT1/cmr/bx/n --> OT1/lmr/bx/n on input line 31.
LaTeX Font Info:    Overwriting math alphabet `\mathsf' in version `normal'
(Font)                  OT1/cmss/m/n --> OT1/lmss/m/n on input line 32.
LaTeX Font Info:    Overwriting math alphabet `\mathit' in version `normal'
(Font)                  OT1/cmr/m/it --> OT1/lmr/m/it on input line 33.
LaTeX Font Info:    Overwriting math alphabet `\mathtt' in version `normal'
(Font)                  OT1/cmtt/m/n --> OT1/lmtt/m/n on input line 34.
LaTeX Font Info:    Overwriting math alphabet `\mathbf' in version `bold'
(Font)                  OT1/cmr/bx/n --> OT1/lmr/bx/n on input line 35.
LaTeX Font Info:    Overwriting math alphabet `\mathsf' in version `bold'
(Font)                  OT1/cmss/bx/n --> OT1/lmss/bx/n on input line 36.
LaTeX Font Info:    Overwriting math alphabet `\mathit' in version `bold'
(Font)                  OT1/cmr/bx/it --> OT1/lmr/bx/it on input line 37.
LaTeX Font Info:    Overwriting math alphabet `\mathtt' in version `bold'
(Font)                  OT1/cmtt/m/n --> OT1/lmtt/m/n on input line 38.
)
(c:/texlive/2022/texmf-dist/tex/latex/fixcmex/fixcmex.sty
Package: fixcmex 2019/08/05 v1.1 Scalable math extensions font (Enrico Gregorio
)
)
(c:/texlive/2022/texmf-dist/tex/latex/etoolbox/etoolbox.sty
Package: etoolbox 2020/10/05 v2.5k e-TeX tools for LaTeX (JAW)
\etb@tempcnta=\count274
)
(c:/texlive/2022/texmf-dist/tex/latex/graphics/graphicx.sty
Package: graphicx 2021/09/16 v1.2d Enhanced LaTeX Graphics (DPC,SPQR)

(c:/texlive/2022/texmf-dist/tex/latex/graphics/graphics.sty
Package: graphics 2022/03/10 v1.4e Standard LaTeX Graphics (DPC,SPQR)

(c:/texlive/2022/texmf-dist/tex/latex/graphics/trig.sty
Package: trig 2021/08/11 v1.11 sin cos tan (DPC)
)
(c:/texlive/2022/texmf-dist/tex/latex/graphics-cfg/graphics.cfg
File: graphics.cfg 2016/06/04 v1.11 sample graphics configuration
)
Package graphics Info: Driver file: pdftex.def on input line 107.

(c:/texlive/2022/texmf-dist/tex/latex/graphics-def/pdftex.def
File: pdftex.def 2020/10/05 v1.2a Graphics/color driver for pdftex
))
\Gin@req@height=\dimen151
\Gin@req@width=\dimen152
))
(c:/texlive/2022/texmf-dist/tex/latex/base/fontenc.sty
Package: fontenc 2021/04/29 v2.0v Standard LaTeX package
LaTeX Font Info:    Trying to load font information for T1+lmr on input line 11
2.

(c:/texlive/2022/texmf-dist/tex/latex/lm/t1lmr.fd
File: t1lmr.fd 2015/05/01 v1.6.1 Font defs for Latin Modern
)<<t1.cmap>>)
(c:/texlive/2022/texmf-dist/tex/latex/hulipsum/hulipsum.sty
Package: hulipsum 2020/11/03 v1.1 Hungarian dummy text (Lorum ipse)
\c@hulipsum@count=\count275
)
(c:/texlive/2022/texmf-dist/tex/generic/babel/babel.sty
Package: babel 2022/08/29 3.79 The Babel package
\babel@savecnt=\count276
\U@D=\dimen153
\l@unhyphenated=\language87

(c:/texlive/2022/texmf-dist/tex/generic/babel/txtbabel.def)
\bbl@readstream=\read2
\bbl@dirlevel=\count277

(c:/texlive/2022/texmf-dist/tex/generic/babel-hungarian/magyar.ldf
Language: magyar 2019/01/14 v1.5c Magyar (Hungarian) support for babel
\c@enumv=\count278
Package babel Info: Making ; an active character on input line 2791.
Package babel Info: Making ! an active character on input line 2793.
Package babel Info: Making ? an active character on input line 2799.
Package babel Info: Making : an active character on input line 2801.
Package babel Info: Making ` an active character on input line 2819.
\c@footnote@add=\count279
\c@footnote@ch=\count280
))
(c:/texlive/2022/texmf-dist/tex/generic/babel/locale/hu/babel-magyar.tex
Package babel Info: Importing font and identification data for magyar
(babel)             from babel-hu.ini. Reported on input line 11.
)
(c:/texlive/2022/texmf-dist/tex/latex/mathtools/mathtools.sty
Package: mathtools 2022/06/29 v1.29 mathematical typesetting tools

(c:/texlive/2022/texmf-dist/tex/latex/tools/calc.sty
Package: calc 2017/05/25 v4.3 Infix arithmetic (KKT,FJ)
\calc@Acount=\count281
\calc@Bcount=\count282
\calc@Adimen=\dimen154
\calc@Bdimen=\dimen155
\calc@Askip=\skip50
\calc@Bskip=\skip51
LaTeX Info: Redefining \setlength on input line 80.
LaTeX Info: Redefining \addtolength on input line 81.
\calc@Ccount=\count283
\calc@Cskip=\skip52
)
(c:/texlive/2022/texmf-dist/tex/latex/mathtools/mhsetup.sty
Package: mhsetup 2021/03/18 v1.4 programming setup (MH)
)
(c:/texlive/2022/texmf-dist/tex/latex/amsmath/amsmath.sty
Package: amsmath 2022/04/08 v2.17n AMS math features
\@mathmargin=\skip53

For additional information on amsmath, use the `?' option.
(c:/texlive/2022/texmf-dist/tex/latex/amsmath/amstext.sty
Package: amstext 2021/08/26 v2.01 AMS text

(c:/texlive/2022/texmf-dist/tex/latex/amsmath/amsgen.sty
File: amsgen.sty 1999/11/30 v2.0 generic functions
\@emptytoks=\toks18
\ex@=\dimen156
))
(c:/texlive/2022/texmf-dist/tex/latex/amsmath/amsbsy.sty
Package: amsbsy 1999/11/29 v1.2d Bold Symbols
\pmbraise@=\dimen157
)
(c:/texlive/2022/texmf-dist/tex/latex/amsmath/amsopn.sty
Package: amsopn 2022/04/08 v2.04 operator names
)
\inf@bad=\count284
LaTeX Info: Redefining \frac on input line 234.
\uproot@=\count285
\leftroot@=\count286
LaTeX Info: Redefining \overline on input line 399.
LaTeX Info: Redefining \colon on input line 410.
\classnum@=\count287
\DOTSCASE@=\count288
LaTeX Info: Redefining \ldots on input line 496.
LaTeX Info: Redefining \dots on input line 499.
LaTeX Info: Redefining \cdots on input line 620.
\Mathstrutbox@=\box51
\strutbox@=\box52
LaTeX Info: Redefining \big on input line 722.
LaTeX Info: Redefining \Big on input line 723.
LaTeX Info: Redefining \bigg on input line 724.
LaTeX Info: Redefining \Bigg on input line 725.
\big@size=\dimen158
LaTeX Font Info:    Redeclaring font encoding OML on input line 743.
LaTeX Font Info:    Redeclaring font encoding OMS on input line 744.
\macc@depth=\count289
LaTeX Info: Redefining \bmod on input line 905.
LaTeX Info: Redefining \pmod on input line 910.
LaTeX Info: Redefining \smash on input line 940.
LaTeX Info: Redefining \relbar on input line 970.
LaTeX Info: Redefining \Relbar on input line 971.
\c@MaxMatrixCols=\count290
\dotsspace@=\muskip17
\c@parentequation=\count291
\dspbrk@lvl=\count292
\tag@help=\toks19
\row@=\count293
\column@=\count294
\maxfields@=\count295
\andhelp@=\toks20
\eqnshift@=\dimen159
\alignsep@=\dimen160
\tagshift@=\dimen161
\tagwidth@=\dimen162
\totwidth@=\dimen163
\lineht@=\dimen164
\@envbody=\toks21
\multlinegap=\skip54
\multlinetaggap=\skip55
\mathdisplay@stack=\toks22
LaTeX Info: Redefining \[ on input line 2953.
LaTeX Info: Redefining \] on input line 2954.
)
\g_MT_multlinerow_int=\count296
\l_MT_multwidth_dim=\dimen165
\origjot=\skip56
\l_MT_shortvdotswithinadjustabove_dim=\dimen166
\l_MT_shortvdotswithinadjustbelow_dim=\dimen167
\l_MT_above_intertext_sep=\dimen168
\l_MT_below_intertext_sep=\dimen169
\l_MT_above_shortintertext_sep=\dimen170
\l_MT_below_shortintertext_sep=\dimen171
\xmathstrut@box=\box53
\xmathstrut@dim=\dimen172
)
(c:/texlive/2022/texmf-dist/tex/latex/amsfonts/amssymb.sty
Package: amssymb 2013/01/14 v3.01 AMS font symbols

(c:/texlive/2022/texmf-dist/tex/latex/amsfonts/amsfonts.sty
Package: amsfonts 2013/01/14 v3.01 Basic AMSFonts support
\symAMSa=\mathgroup4
\symAMSb=\mathgroup5
LaTeX Font Info:    Redeclaring math symbol \hbar on input line 98.
LaTeX Font Info:    Overwriting math alphabet `\mathfrak' in version `bold'
(Font)                  U/euf/m/n --> U/euf/b/n on input line 106.
))
(c:/texlive/2022/texmf-dist/tex/latex/amscls/amsthm.sty
Package: amsthm 2020/05/29 v2.20.6
\thm@style=\toks23
\thm@bodyfont=\toks24
\thm@headfont=\toks25
\thm@notefont=\toks26
\thm@headpunct=\toks27
\thm@preskip=\skip57
\thm@postskip=\skip58
\thm@headsep=\skip59
\dth@everypar=\toks28
)
(c:/texlive/2022/texmf-dist/tex/latex/pdfpages/pdfpages.sty
Package: pdfpages 2022/05/22 v0.5v Insert pages of external PDF documents (AM)

(c:/texlive/2022/texmf-dist/tex/latex/base/ifthen.sty
Package: ifthen 2022/04/13 v1.1d Standard LaTeX ifthen package (DPC)
)
(c:/texlive/2022/texmf-dist/tex/latex/eso-pic/eso-pic.sty
Package: eso-pic 2020/10/14 v3.0a eso-pic (RN)
\ESO@tempdima=\dimen173
\ESO@tempdimb=\dimen174

(c:/texlive/2022/texmf-dist/tex/latex/xcolor/xcolor.sty
Package: xcolor 2022/06/12 v2.14 LaTeX color extensions (UK)

(c:/texlive/2022/texmf-dist/tex/latex/graphics-cfg/color.cfg
File: color.cfg 2016/01/02 v1.6 sample color configuration
)
Package xcolor Info: Driver file: pdftex.def on input line 227.

(c:/texlive/2022/texmf-dist/tex/latex/graphics/mathcolor.ltx)
Package xcolor Info: Model `cmy' substituted by `cmy0' on input line 1353.
Package xcolor Info: Model `hsb' substituted by `rgb' on input line 1357.
Package xcolor Info: Model `RGB' extended on input line 1369.
Package xcolor Info: Model `HTML' substituted by `rgb' on input line 1371.
Package xcolor Info: Model `Hsb' substituted by `hsb' on input line 1372.
Package xcolor Info: Model `tHsb' substituted by `hsb' on input line 1373.
Package xcolor Info: Model `HSB' substituted by `hsb' on input line 1374.
Package xcolor Info: Model `Gray' substituted by `gray' on input line 1375.
Package xcolor Info: Model `wave' substituted by `hsb' on input line 1376.
))
\AM@pagewidth=\dimen175
\AM@pageheight=\dimen176
\AM@fboxrule=\dimen177

(c:/texlive/2022/texmf-dist/tex/latex/pdfpages/pppdftex.def
File: pppdftex.def 2022/05/22 v0.5v Pdfpages driver for pdfTeX (AM)
)
\pdfpages@includegraphics@status=\count297
\AM@pagebox=\box54
\AM@global@opts=\toks29
\AM@pagecnt=\count298
\AM@toc@title=\toks30
\c@AM@survey=\count299
\AM@templatesizebox=\box55
)
\c@tetel=\count300

(c:/texlive/2022/texmf-dist/tex/latex/upquote/upquote.sty
Package: upquote 2012/04/19 v1.3 upright-quote and grave-accent glyphs in verba
tim

(c:/texlive/2022/texmf-dist/tex/latex/base/textcomp.sty
Package: textcomp 2020/02/02 v2.0n Standard LaTeX package
))
(c:/texlive/2022/texmf-dist/tex/latex/l3backend/l3backend-pdftex.def
File: l3backend-pdftex.def 2022-08-30 L3 backend support: PDF output (pdfTeX)
\l__color_backend_stack_int=\count301
\l__pdf_internal_box=\box56
)
(./thesis-oohq3e.aux)
\openout1 = `thesis-oohq3e.aux'.

LaTeX Font Info:    Checking defaults for OML/cmm/m/it on input line 25.
LaTeX Font Info:    ... okay on input line 25.
LaTeX Font Info:    Checking defaults for OMS/cmsy/m/n on input line 25.
LaTeX Font Info:    ... okay on input line 25.
LaTeX Font Info:    Checking defaults for OT1/cmr/m/n on input line 25.
LaTeX Font Info:    ... okay on input line 25.
LaTeX Font Info:    Checking defaults for T1/cmr/m/n on input line 25.
LaTeX Font Info:    ... okay on input line 25.
LaTeX Font Info:    Checking defaults for TS1/cmr/m/n on input line 25.
LaTeX Font Info:    ... okay on input line 25.
LaTeX Font Info:    Checking defaults for OMX/cmex/m/n on input line 25.
LaTeX Font Info:    ... okay on input line 25.
LaTeX Font Info:    Checking defaults for U/cmr/m/n on input line 25.
LaTeX Font Info:    ... okay on input line 25.
LaTeX Font Info:    Checking defaults for PD1/pdf/m/n on input line 25.
LaTeX Font Info:    ... okay on input line 25.
LaTeX Font Info:    Checking defaults for PU/pdf/m/n on input line 25.
LaTeX Font Info:    ... okay on input line 25.
Package hyperref Info: Link coloring OFF on input line 25.
 (./thesis-oohq3e.out) (./thesis-oohq3e.out)
\@outlinefile=\write3
\openout3 = `thesis-oohq3e.out'.


*geometry* driver: auto-detecting
*geometry* detected driver: pdftex
*geometry* verbose mode - [ preamble ] result:
* driver: pdftex
* paper: a4paper
* layout: <same size as paper>
* layoutoffset:(h,v)=(0.0pt,0.0pt)
* modes: 
* h-part:(L,W,R)=(85.35826pt, 441.01773pt, 71.13188pt)
* v-part:(T,H,B)=(71.13188pt, 702.78308pt, 71.13188pt)
* \paperwidth=597.50787pt
* \paperheight=845.04684pt
* \textwidth=441.01773pt
* \textheight=702.78308pt
* \oddsidemargin=13.08827pt
* \evensidemargin=13.08827pt
* \topmargin=-38.1381pt
* \headheight=12.0pt
* \headsep=25.0pt
* \topskip=12.0pt
* \footskip=30.0pt
* \marginparwidth=44.0pt
* \marginparsep=10.0pt
* \columnsep=10.0pt
* \skip\footins=10.8pt plus 4.0pt minus 2.0pt
* \hoffset=0.0pt
* \voffset=0.0pt
* \mag=1000
* \@twocolumnfalse
* \@twosidefalse
* \@mparswitchfalse
* \@reversemarginfalse
* (1in=72.27pt=25.4mm, 1cm=28.453pt)

LaTeX Font Info:    Trying to load font information for OT1+lmr on input line 2
5.
(c:/texlive/2022/texmf-dist/tex/latex/lm/ot1lmr.fd
File: ot1lmr.fd 2015/05/01 v1.6.1 Font defs for Latin Modern
)<<ot1.cmap>>
LaTeX Font Info:    Trying to load font information for OML+lmm on input line 2
5.

(c:/texlive/2022/texmf-dist/tex/latex/lm/omllmm.fd
File: omllmm.fd 2015/05/01 v1.6.1 Font defs for Latin Modern
)<<oml.cmap>>
LaTeX Font Info:    Trying to load font information for OMS+lmsy on input line 
25.

(c:/texlive/2022/texmf-dist/tex/latex/lm/omslmsy.fd
File: omslmsy.fd 2015/05/01 v1.6.1 Font defs for Latin Modern
)<<oms.cmap>>
LaTeX Font Info:    Trying to load font information for OMX+lmex on input line 
25.

(c:/texlive/2022/texmf-dist/tex/latex/lm/omxlmex.fd
File: omxlmex.fd 2015/05/01 v1.6.1 Font defs for Latin Modern
)
LaTeX Font Info:    External font `lmex10' loaded for size
(Font)              <12> on input line 25.
<<omx.cmap>>
LaTeX Font Info:    External font `lmex10' loaded for size
(Font)              <8> on input line 25.
LaTeX Font Info:    External font `lmex10' loaded for size
(Font)              <6> on input line 25.
LaTeX Font Info:    Trying to load font information for U+msa on input line 25.


(c:/texlive/2022/texmf-dist/tex/latex/amsfonts/umsa.fd
File: umsa.fd 2013/01/14 v3.01 AMS symbols A
)
LaTeX Font Info:    Trying to load font information for U+msb on input line 25.


(c:/texlive/2022/texmf-dist/tex/latex/amsfonts/umsb.fd
File: umsb.fd 2013/01/14 v3.01 AMS symbols B
)
LaTeX Font Info:    Overwriting symbol font `largesymbols' in version `normal'
(Font)                  OMX/lmex/m/n --> OMX/cmex/m/n on input line 25.
LaTeX Font Info:    Overwriting symbol font `largesymbols' in version `bold'
(Font)                  OMX/lmex/m/n --> OMX/cmex/m/n on input line 25.

(c:/texlive/2022/texmf-dist/tex/context/base/mkii/supp-pdf.mkii
[Loading MPS to PDF converter (version 2006.09.02).]
\scratchcounter=\count302
\scratchdimen=\dimen178
\scratchbox=\box57
\nofMPsegments=\count303
\nofMParguments=\count304
\everyMPshowfont=\toks31
\MPscratchCnt=\count305
\MPscratchDim=\dimen179
\MPnumerator=\count306
\makeMPintoPDFobject=\count307
\everyMPtoPDFconversion=\toks32
) (c:/texlive/2022/texmf-dist/tex/latex/epstopdf-pkg/epstopdf-base.sty
Package: epstopdf-base 2020-01-24 v2.11 Base part for package epstopdf
Package epstopdf-base Info: Redefining graphics rule for `.eps' on input line 4
85.

(c:/texlive/2022/texmf-dist/tex/latex/latexconfig/epstopdf-sys.cfg
File: epstopdf-sys.cfg 2010/07/13 v1.3 Configuration of (r)epstopdf for TeX Liv
e
))
(c:/texlive/2022/texmf-dist/tex/latex/pdflscape/pdflscape.sty
Package: pdflscape 2019/12/05 v0.12 Display of landscape pages in PDF (HO)

(c:/texlive/2022/texmf-dist/tex/latex/graphics/lscape.sty
Package: lscape 2020/05/28 v3.02 Landscape Pages (DPC)
)
Package pdflscape Info: Auto-detected driver: pdftex on input line 81.
)
(c:/texlive/2022/texmf-dist/tex/latex/base/report.cls
LaTeX Info: Redefining \cal on input line 577.
LaTeX Info: Redefining \mit on input line 578.
)
<eszterhazy-logo-hu.pdf, id=234, 256.07971pt x 88.04292pt>
File: eszterhazy-logo-hu.pdf Graphic file (type pdf)
<use eszterhazy-logo-hu.pdf>
Package pdftex.def Info: eszterhazy-logo-hu.pdf  used on input line 32.
(pdftex.def)             Requested size: 256.07907pt x 88.0427pt.
 [1


{c:/texlive/2022/texmf-var/fonts/map/pdftex/updmap/pdftex.map} <c:/texlive/2022
/texmf-dist/tex/latex/thesis-ekf/eszterhazy-logo-hu.pdf>] (./thesis-oohq3e.toc 
[2

])
\tf@toc=\write4
\openout4 = `thesis-oohq3e.toc'.

 [3] [4

]
1. fejezet.
[5

] [6]
LaTeX Font Info:    Trying to load font information for T1+lmtt on input line 8
5.
 (c:/texlive/2022/texmf-dist/tex/latex/lm/t1lmtt.fd
File: t1lmtt.fd 2015/05/01 v1.6.1 Font defs for Latin Modern
) [7] [8]
Overfull \hbox (2.17653pt too wide) in paragraph at lines 115--117
\T1/lmr/m/n/12 A Ho-me As-sis-tant 2013 no-vem-be-ré-re ke-rült pub-li-ká-lás-r
a \T1/lmr/m/it/12 Git-Hub.com\T1/lmr/m/n/12 -on \T1/lmr/m/sc/12 Pa-u-lus Scho-
 []

[9] [10]
2. fejezet.
[11

] [12]
<./img/ESP32 CAM schematics.pdf, id=413, 526.96875pt x 276.03125pt>
File: ./img/ESP32 CAM schematics.pdf Graphic file (type pdf)
<use ./img/ESP32 CAM schematics.pdf>
Package pdftex.def Info: ./img/ESP32 CAM schematics.pdf  used on input line 195
.
(pdftex.def)             Requested size: 455.24408pt x 238.47311pt.

Overfull \hbox (14.22635pt too wide) in paragraph at lines 195--196
 [][] 
 []

[13 <./img/ESP32 CAM schematics.pdf>]
<./img/temperature and humidity sensor_bb.pdf, id=448, 658.46pt x 214.8025pt>
File: ./img/temperature and humidity sensor_bb.pdf Graphic file (type pdf)
<use ./img/temperature and humidity sensor_bb.pdf>
Package pdftex.def Info: ./img/temperature and humidity sensor_bb.pdf  used on 
input line 207.
(pdftex.def)             Requested size: 455.24408pt x 148.51215pt.

Overfull \hbox (14.22635pt too wide) in paragraph at lines 207--208
 [][] 
 []

[14 <./img/temperature and humidity sensor_bb.pdf>]
<./img/RFID reader schematics_bb.pdf, id=515, 658.46pt x 304.13625pt>
File: ./img/RFID reader schematics_bb.pdf Graphic file (type pdf)
<use ./img/RFID reader schematics_bb.pdf>
Package pdftex.def Info: ./img/RFID reader schematics_bb.pdf  used on input lin
e 224.
(pdftex.def)             Requested size: 455.24408pt x 210.27654pt.

Overfull \hbox (14.22635pt too wide) in paragraph at lines 224--225
 [][] 
 []

<./img/ESP32 toggle schematics_bb.pdf, id=518, 472.76625pt x 307.1475pt>
File: ./img/ESP32 toggle schematics_bb.pdf Graphic file (type pdf)
<use ./img/ESP32 toggle schematics_bb.pdf>
Package pdftex.def Info: ./img/ESP32 toggle schematics_bb.pdf  used on input li
ne 241.
(pdftex.def)             Requested size: 455.24408pt x 295.77214pt.

Overfull \hbox (14.22635pt too wide) in paragraph at lines 241--242
 [][] 
 []

[15 <./img/RFID reader schematics_bb.pdf>] [16 <./img/ESP32 toggle schematics_b
b.pdf>] [17] [18]
<./img/arrow-left-solid.png, id=663, 450.7239pt x 386.6445pt>
File: ./img/arrow-left-solid.png Graphic file (type png)
<use ./img/arrow-left-solid.png>
Package pdftex.def Info: ./img/arrow-left-solid.png  used on input line 309.
(pdftex.def)             Requested size: 14.22636pt x 12.20059pt.
<./img/clock-rotate-left-solid.png, id=665, 515.0442pt x 515.0442pt>
File: ./img/clock-rotate-left-solid.png Graphic file (type png)
<use ./img/clock-rotate-left-solid.png>
Package pdftex.def Info: ./img/clock-rotate-left-solid.png  used on input line 
312.
(pdftex.def)             Requested size: 14.22636pt x 14.22466pt.
<./img/plus-solid.png, id=666, 418.6842pt x 418.6842pt>
File: ./img/plus-solid.png Graphic file (type png)
<use ./img/plus-solid.png>
Package pdftex.def Info: ./img/plus-solid.png  used on input line 315.
(pdftex.def)             Requested size: 14.22636pt x 14.22101pt.
<./img/pen-to-square-regular.png, id=667, 510.9489pt x 510.9489pt>
File: ./img/pen-to-square-regular.png Graphic file (type png)
<use ./img/pen-to-square-regular.png>
Package pdftex.def Info: ./img/pen-to-square-regular.png  used on input line 31
8.
(pdftex.def)             Requested size: 14.22636pt x 14.2207pt.
<./img/trash-can-solid.png, id=668, 450.7239pt x 515.0442pt>
File: ./img/trash-can-solid.png Graphic file (type png)
<use ./img/trash-can-solid.png>
Package pdftex.def Info: ./img/trash-can-solid.png  used on input line 321.
(pdftex.def)             Requested size: 14.22636pt x 16.25226pt.
<./img/arrow-rotate-right-solid.png, id=669, 466.8642pt x 450.7239pt>
File: ./img/arrow-rotate-right-solid.png Graphic file (type png)
<use ./img/arrow-rotate-right-solid.png>
Package pdftex.def Info: ./img/arrow-rotate-right-solid.png  used on input line
 324.
(pdftex.def)             Requested size: 14.22636pt x 13.73433pt.
<./img/ban-solid.png, id=670, 515.0442pt x 515.0442pt>
File: ./img/ban-solid.png Graphic file (type png)
<use ./img/ban-solid.png>
Package pdftex.def Info: ./img/ban-solid.png  used on input line 327.
(pdftex.def)             Requested size: 14.22636pt x 14.22466pt.
 [19 <./img/arrow-left-solid.png> <./img/clock-rotate-left-solid.png> <./img/pl
us-solid.png> <./img/pen-to-square-regular.png> <./img/trash-can-solid.png> <./
img/arrow-rotate-right-solid.png>]
<./img/gear-solid.png, id=686, 485.4135pt x 514.8033pt>
File: ./img/gear-solid.png Graphic file (type png)
<use ./img/gear-solid.png>
Package pdftex.def Info: ./img/gear-solid.png  used on input line 330.
(pdftex.def)             Requested size: 14.22636pt x 15.08208pt.
<./img/key-solid.png, id=687, 515.0442pt x 515.0442pt>
File: ./img/key-solid.png Graphic file (type png)
<use ./img/key-solid.png>
Package pdftex.def Info: ./img/key-solid.png  used on input line 333.
(pdftex.def)             Requested size: 14.22636pt x 14.22466pt.
<./img/id-card-clip-solid.png, id=688, 579.1236pt x 515.0442pt>
File: ./img/id-card-clip-solid.png Graphic file (type png)
<use ./img/id-card-clip-solid.png>
Package pdftex.def Info: ./img/id-card-clip-solid.png  used on input line 336.
(pdftex.def)             Requested size: 14.22636pt x 12.64502pt.
 [20 <./img/ban-solid.png> <./img/gear-solid.png> <./img/key-solid.png> <./img/
id-card-clip-solid.png>]
[21]
3. fejezet.
[22

]
4. fejezet.

Underfull \hbox (badness 3189) in paragraph at lines 402--403
[]\T1/lmr/m/n/12 The test was succ-
 []


Underfull \hbox (badness 1810) in paragraph at lines 406--407
[]\T1/lmr/m/n/12 The test was par-ti-
 []


Underfull \hbox (badness 2707) in paragraph at lines 406--407
\T1/lmr/m/n/12 ally succ-ess-ful, with
 []


Underfull \hbox (badness 2302) in paragraph at lines 410--411
\T1/lmr/m/n/12 ful, with the RFID
 []


Underfull \hbox (badness 2368) in paragraph at lines 410--411
\T1/lmr/m/n/12 tags re-main-ing fully
 []


Underfull \hbox (badness 10000) in paragraph at lines 410--411
\T1/lmr/m/n/12 func-ti-o-nal and re-
 []


Underfull \hbox (badness 10000) in paragraph at lines 410--411
\T1/lmr/m/n/12 adab-le even with
 []


Overfull \hbox (50.22633pt too wide) in paragraph at lines 396--417
 [][] 
 []

[23

] [24]
5. fejezet.
[25

] [26

]
Underfull \hbox (badness 10000) in paragraph at lines 432--436
\T1/lmr/m/sc/12 URL:[]$\T1/lmtt/m/n/12 https : / / developer . amazon . com / b
logs / alexa / post /
 []


Overfull \hbox (206.61446pt too wide) in paragraph at lines 432--436
\T1/lmtt/m/n/12 a89f7243-[]08a0-[]4c73-[]8fc5-[]eb604a93f437 / define-[]your-[]
appliance-[]category-[]for-[]a-[]better-[]customer-[]experience$[] 
 []


Underfull \hbox (badness 10000) in paragraph at lines 453--456
\T1/lmr/m/sc/12 URL: []$\T1/lmtt/m/n/12 https : / / www . linux . com / topic /
 embedded-[]iot /
 []


Underfull \hbox (badness 10000) in paragraph at lines 473--476
\T1/lmr/m/sc/12 URL: []$\T1/lmtt/m/n/12 https : / / www . raspberrypi . com / d
ocumentation / computers /
 []

[27

]
Underfull \hbox (badness 10000) in paragraph at lines 478--481
\T1/lmr/m/sc/12 URL: []$\T1/lmtt/m/n/12 https : / / www . espressif . com / sit
es / default / files / documentation /
 []


Underfull \hbox (badness 10000) in paragraph at lines 493--496
\T1/lmr/m/sc/12 URL: []$\T1/lmtt/m/n/12 https : / / www . sparkfun . com / data
sheets / Sensors / Temperature /
 []


Underfull \hbox (badness 1057) in paragraph at lines 498--501
[]\T1/lmr/m/sc/12 U.S. Fo-od and Drug Ad-mi-nistra-ti-on: \T1/lmr/m/it/12 Ra-di
o Fre-qu-ency Iden-ti-fi-ca-ti-on
 []


Underfull \hbox (badness 10000) in paragraph at lines 498--501
\T1/lmr/m/sc/12 URL: []$\T1/lmtt/m/n/12 https : / / www . fda . gov / radiation
-[]emitting-[]products /
 []


Overfull \hbox (11.71037pt too wide) in paragraph at lines 498--501
\T1/lmtt/m/n/12 electromagnetic-[]compatibility-[]emc / radio-[]frequency-[]ide
ntification-[]rfid$[] 
 []


Underfull \hbox (badness 10000) in paragraph at lines 508--511
\T1/lmr/m/sc/12 URL: []$\T1/lmtt/m/n/12 https : / / www . circuitbread . com / 
ee-[]faq /
 []


Underfull \hbox (badness 10000) in paragraph at lines 518--521
\T1/lmr/m/sc/12 URL: []$\T1/lmtt/m/n/12 https : / / www . techtarget . com / wh
atis / definition /
 []

[28]
Underfull \hbox (badness 10000) in paragraph at lines 523--526
\T1/lmr/m/sc/12 URL: []$\T1/lmtt/m/n/12 https : / / www . pluralsight . com / c
ourses /
 []

[29]
Overfull \hbox (147.33386pt too wide) in paragraph at lines 583--586
\T1/lmr/m/sc/12 URL: []$\T1/lmtt/m/n/12 https : / / iotprojectsideas . com / co
nnect-[]rfid-[]to-[]php-[]mysql-[]database-[]with-[]nodemcu-[]esp8266/$[] 
 []


Overfull \hbox (53.20882pt too wide) in paragraph at lines 588--591
\T1/lmr/m/sc/12 URL: []$\T1/lmtt/m/n/12 https : / / randomnerdtutorials . com /
 esp8266-[]nodemcu-[]http-[]get-[]post-[]arduino /
 []


Overfull \hbox (8.9978pt too wide) in paragraph at lines 593--596
\T1/lmr/m/sc/12 URL: []$\T1/lmtt/m/n/12 https : / / www . instructables . com /
 Arduino-[]to-[]Laravel-[]Communication/$[] 
 []


Underfull \hbox (badness 10000) in paragraph at lines 598--601
\T1/lmr/m/sc/12 URL: []$\T1/lmtt/m/n/12 https : / / www . raspberrypi . com / d
ocumentation / /computers /
 []



pdfTeX warning: pdflatex.exe (file ./nyilatkozat.pdf): PDF inclusion: found PDF
 version <1.6>, but at most version <1.5> allowed
<nyilatkozat.pdf, id=810, 597.432pt x 845.07718pt>
File: nyilatkozat.pdf Graphic file (type pdf)
<use nyilatkozat.pdf>
Package pdftex.def Info: nyilatkozat.pdf  used on input line 610.
(pdftex.def)             Requested size: 597.43054pt x 845.07512pt.


pdfTeX warning: pdflatex.exe (file ./nyilatkozat.pdf): PDF inclusion: found PDF
 version <1.6>, but at most version <1.5> allowed
File: nyilatkozat.pdf Graphic file (type pdf)
<use nyilatkozat.pdf>
Package pdftex.def Info: nyilatkozat.pdf  used on input line 610.
(pdftex.def)             Requested size: 597.43054pt x 845.07512pt.


pdfTeX warning: pdflatex.exe (file ./nyilatkozat.pdf): PDF inclusion: found PDF
 version <1.6>, but at most version <1.5> allowed


pdfTeX warning: pdflatex.exe (file ./nyilatkozat.pdf): PDF inclusion: found PDF
 version <1.6>, but at most version <1.5> allowed
<nyilatkozat.pdf, id=813, page=1, 597.432pt x 845.07718pt>
File: nyilatkozat.pdf Graphic file (type pdf)
<use nyilatkozat.pdf, page 1>
Package pdftex.def Info: nyilatkozat.pdf , page1 used on input line 610.
(pdftex.def)             Requested size: 597.43054pt x 845.07512pt.
File: nyilatkozat.pdf Graphic file (type pdf)
<use nyilatkozat.pdf, page 1>
Package pdftex.def Info: nyilatkozat.pdf , page1 used on input line 610.
(pdftex.def)             Requested size: 597.45789pt x 845.1138pt.
[30]
File: nyilatkozat.pdf Graphic file (type pdf)
<use nyilatkozat.pdf, page 1>
Package pdftex.def Info: nyilatkozat.pdf , page1 used on input line 610.
(pdftex.def)             Requested size: 597.45789pt x 845.1138pt.
File: nyilatkozat.pdf Graphic file (type pdf)
<use nyilatkozat.pdf, page 1>
Package pdftex.def Info: nyilatkozat.pdf , page1 used on input line 610.
(pdftex.def)             Requested size: 597.45789pt x 845.1138pt.
File: nyilatkozat.pdf Graphic file (type pdf)
<use nyilatkozat.pdf, page 1>
Package pdftex.def Info: nyilatkozat.pdf , page1 used on input line 610.
(pdftex.def)             Requested size: 597.45789pt x 845.1138pt.
 [31 <./nyilatkozat.pdf>] (./thesis-oohq3e.aux)
Package rerunfilecheck Info: File `thesis-oohq3e.out' has not changed.
(rerunfilecheck)             Checksum: 4AED4EEC7826EF96FAA41E21D8F473E7;11628.
 ) 
Here is how much of TeX's memory you used:
 15636 strings out of 475075
 253824 string characters out of 5783001
 771460 words of memory out of 5000000
 36542 multiletter control sequences out of 15000+600000
 546971 words of font info for 88 fonts, out of 8000000 for 9000
 1141 hyphenation exceptions out of 8191
 75i,17n,81p,1905b,625s stack positions out of 10000i,1000n,20000p,200000b,200000s
{c:/texlive/2022/texmf-dist/fonts/enc/dvips/lm/lm-ec.enc}<c:/texlive/2022/tex
mf-dist/fonts/type1/public/lm/lmbx12.pfb><c:/texlive/2022/texmf-dist/fonts/type
1/public/lm/lmbxi10.pfb><c:/texlive/2022/texmf-dist/fonts/type1/public/lm/lmcsc
10.pfb><c:/texlive/2022/texmf-dist/fonts/type1/public/lm/lmr10.pfb><c:/texlive/
2022/texmf-dist/fonts/type1/public/lm/lmr12.pfb><c:/texlive/2022/texmf-dist/fon
ts/type1/public/lm/lmr7.pfb><c:/texlive/2022/texmf-dist/fonts/type1/public/lm/l
mr8.pfb><c:/texlive/2022/texmf-dist/fonts/type1/public/lm/lmri12.pfb><c:/texliv
e/2022/texmf-dist/fonts/type1/public/lm/lmtt10.pfb><c:/texlive/2022/texmf-dist/
fonts/type1/public/lm/lmtt12.pfb>
Output written on thesis-oohq3e.pdf (31 pages, 2815521 bytes).
PDF statistics:
 923 PDF objects out of 1000 (max. 8388607)
 766 compressed objects within 8 object streams
 158 named destinations out of 1000 (max. 500000)
 564 words of extra memory for PDF output out of 10000 (max. 10000000)

