\BOOKMARK [0][-]{chapter*.2}{\376\377\000B\000e\000v\000e\000z\000e\000t\000\351\000s}{}% 1
\BOOKMARK [0][-]{chapter.1}{\376\377\0001\000.\000\040\000P\000i\000a\000c\000o\000n\000\040\000l\000\351\000v\001\121\000\040\000o\000k\000o\000s\000\040\000o\000t\000t\000h\000o\000n\000\040\000r\000e\000n\000d\000s\000z\000e\000r\000e\000k}{}% 2
\BOOKMARK [1][-]{section.1.1}{\376\377\0001\000.\0001\000.\000\040\000N\000a\000g\000y\000o\000b\000b\000\040\000c\000\351\000g\000e\000k\000\040\000\341\000l\000t\000a\000l\000\040\000l\000\351\000t\000r\000e\000h\000o\000z\000o\000t\000t\000\040\000\366\000k\000o\000s\000z\000i\000s\000z\000t\000\351\000m\000\341\000k}{chapter.1}% 3
\BOOKMARK [1][-]{section.1.2}{\376\377\0001\000.\0002\000.\000\040\000N\000y\000\355\000l\000t\000\040\000f\000o\000r\000r\000\341\000s\000\372\000,\000\040\000s\000z\000a\000b\000a\000d\000o\000n\000\040\000s\000z\000e\000m\000\351\000l\000y\000r\000e\000\040\000s\000z\000a\000b\000h\000a\000t\000\363\000\040\000r\000e\000n\000d\000s\000z\000e\000r\000e\000k}{chapter.1}% 4
\BOOKMARK [0][-]{chapter.2}{\376\377\0002\000.\000\040\000A\000l\000k\000a\000l\000m\000a\000z\000o\000t\000t\000\040\000e\000s\000z\000k\000\366\000z\000\366\000k}{}% 5
\BOOKMARK [1][-]{section.2.1}{\376\377\0002\000.\0001\000.\000\040\000H\000a\000r\000d\000v\000e\000r}{chapter.2}% 6
\BOOKMARK [2][-]{subsection.2.1.1}{\376\377\0002\000.\0001\000.\0001\000.\000\040\000R\000a\000s\000p\000b\000e\000r\000r\000y\000\040\000P\000i\000\040\0004\000B}{section.2.1}% 7
\BOOKMARK [2][-]{subsection.2.1.2}{\376\377\0002\000.\0001\000.\0002\000.\000\040\000E\000S\000P\000-\000W\000r\000o\000o\000m\000-\0003\0002\000\040\000-\000\040\000W\000i\000-\000F\000i\000-\000s\000\040\000M\000i\000k\000r\000o\000k\000o\000n\000t\000r\000o\000l\000l\000e\000r}{section.2.1}% 8
\BOOKMARK [2][-]{subsection.2.1.3}{\376\377\0002\000.\0001\000.\0003\000.\000\040\000E\000S\000P\0003\0002\000-\000C\000A\000M\000\040\000-\000\040\000W\000i\000-\000F\000i\000-\000s\000\040\000k\000a\000m\000e\000r\000a\000\040\000m\000o\000d\000u\000l}{section.2.1}% 9
\BOOKMARK [2][-]{subsection.2.1.4}{\376\377\0002\000.\0001\000.\0004\000.\000\040\000D\000H\000T\0002\0002\000\040\000-\000\040\000h\001\121\000m\000\351\000r\000s\000\351\000k\000l\000e\000t\000\040\000\351\000s\000\040\000p\000\341\000r\000a\000t\000a\000r\000t\000a\000l\000o\000m\000\040\000s\000z\000e\000n\000z\000o\000r}{section.2.1}% 10
\BOOKMARK [2][-]{subsection.2.1.5}{\376\377\0002\000.\0001\000.\0005\000.\000\040\000R\000F\000I\000D\000-\000R\000C\0005\0002\0002\000\040\000-\000\040\000R\000F\000I\000D\000\040\000o\000l\000v\000a\000s\000\363\000\040\000+\000\040\000R\000F\000I\000D\000\040\000t\000e\000c\000h\000n\000o\000l\000\363\000g\000i\000a\000\040\000\366\000s\000s\000z\000e\000f\000o\000g\000l\000a\000l\000\363}{section.2.1}% 11
\BOOKMARK [2][-]{subsection.2.1.6}{\376\377\0002\000.\0001\000.\0006\000.\000\040\000S\000z\000o\000l\000i\000d\000t\000e\000s\000t\000\040\000r\000e\000l\000\351}{section.2.1}% 12
\BOOKMARK [2][-]{subsection.2.1.7}{\376\377\0002\000.\0001\000.\0007\000.\000\040\000E\000s\000z\000k\000\366\000z\000\366\000k\000\040\000b\000e\000k\000\366\000t\000\351\000s\000e\000\040\000-\000\040\000F\000r\000i\000t\000z\000i\000n\000g}{section.2.1}% 13
\BOOKMARK [1][-]{section.2.2}{\376\377\0002\000.\0002\000.\000\040\000S\000z\000o\000f\000t\000v\000e\000r\000\040\000-\000\040\000P\000r\000o\000g\000r\000a\000m\000o\000z\000\341\000s\000i\000\040\000n\000y\000e\000l\000v\000e\000k}{chapter.2}% 14
\BOOKMARK [2][-]{subsection.2.2.1}{\376\377\0002\000.\0002\000.\0001\000.\000\040\000C\000+\000+\000\040\000-\000\040\000A\000r\000d\000u\000i\000n\000o\000\040\000I\000D\000E}{section.2.2}% 15
\BOOKMARK [2][-]{subsection.2.2.2}{\376\377\0002\000.\0002\000.\0002\000.\000\040\000H\000T\000M\000L\000\040\000-\000\040\000P\000H\000P\000\040\000S\000t\000o\000r\000m}{section.2.2}% 16
\BOOKMARK [2][-]{subsection.2.2.3}{\376\377\0002\000.\0002\000.\0003\000.\000\040\000P\000H\000P\000\040\000-\000\040\000P\000H\000P\000\040\000S\000t\000o\000r\000m}{section.2.2}% 17
\BOOKMARK [2][-]{subsection.2.2.4}{\376\377\0002\000.\0002\000.\0004\000.\000\040\000J\000a\000v\000a\000S\000c\000r\000i\000p\000t\000,\000\040\000C\000h\000a\000r\000t\000J\000S\000,\000\040\000j\000Q\000u\000e\000r\000y\000\040\000-\000\040\000P\000H\000P\000\040\000S\000t\000o\000r\000m}{section.2.2}% 18
\BOOKMARK [2][-]{subsection.2.2.5}{\376\377\0002\000.\0002\000.\0005\000.\000\040\000T\000a\000i\000l\000w\000i\000n\000d}{section.2.2}% 19
\BOOKMARK [2][-]{subsection.2.2.6}{\376\377\0002\000.\0002\000.\0006\000.\000\040\000d\000b\000D\000i\000a\000g\000r\000a\000m}{section.2.2}% 20
\BOOKMARK [2][-]{subsection.2.2.7}{\376\377\0002\000.\0002\000.\0007\000.\000\040\000f\000o\000n\000t\000-\000a\000w\000e\000s\000o\000m\000e}{section.2.2}% 21
\BOOKMARK [2][-]{subsection.2.2.8}{\376\377\0002\000.\0002\000.\0008\000.\000\040\000M\000y\000S\000Q\000L}{section.2.2}% 22
\BOOKMARK [2][-]{subsection.2.2.9}{\376\377\0002\000.\0002\000.\0009\000.\000\040\000p\000l\000a\000n\000t\000U\000M\000L}{section.2.2}% 23
\BOOKMARK [1][-]{section.2.3}{\376\377\0002\000.\0003\000.\000\040\000L\000a\000r\000a\000v\000e\000l}{chapter.2}% 24
\BOOKMARK [2][-]{subsection.2.3.1}{\376\377\0002\000.\0003\000.\0001\000.\000\040\000L\000a\000r\000a\000v\000e\000l\000\040\000m\001\161\000k\000\366\000d\000\351\000s\000e}{section.2.3}% 25
\BOOKMARK [0][-]{chapter.3}{\376\377\0003\000.\000\040\000A\000\040\000w\000e\000b\000\040\000a\000l\000k\000a\000l\000m\000a\000z\000\341\000s\000\040\000f\000e\000l\000\351\000p\000\355\000t\000\351\000s\000e\000\040\000\351\000s\000\040\000m\001\161\000k\000\366\000d\000\351\000s\000e}{}% 26
\BOOKMARK [1][-]{section.3.1}{\376\377\0003\000.\0001\000.\000\040\000R\000a\000s\000p\000b\000e\000r\000r\000y\000\040\000P\000I\0004\000B\000\040\000a\000l\000k\000a\000l\000m\000a\000z\000\341\000s\000a\000,\000\040\000m\000i\000n\000t\000\040\000W\000i\000-\000F\000i\000,\000\040\000\351\000s\000\040\000h\000u\000b}{chapter.3}% 27
\BOOKMARK [1][-]{section.3.2}{\376\377\0003\000.\0002\000.\000\040\000A\000d\000a\000t\000b\000\341\000z\000i\000s\000\040\000f\000e\000l\000\351\000p\000\355\000t\000\351\000s\000e}{chapter.3}% 28
\BOOKMARK [1][-]{section.3.3}{\376\377\0003\000.\0003\000.\000\040\000K\000e\000z\000e\000l\001\121\000\040\000f\000e\000l\000\374\000l\000e\000t\000\040\000b\000e\000m\000u\000t\000a\000t\000\341\000s\000a\000\040\000\351\000s\000\040\000m\001\161\000k\000\366\000d\000\351\000s\000e}{chapter.3}% 29
\BOOKMARK [2][-]{subsection.3.3.1}{\376\377\0003\000.\0003\000.\0001\000.\000\040\000F\001\121\000o\000l\000d\000a\000l}{section.3.3}% 30
\BOOKMARK [2][-]{subsection.3.3.2}{\376\377\0003\000.\0003\000.\0002\000.\000\040\000B\000e\000\341\000l\000l\000\355\000t\000\341\000s\000o\000k}{section.3.3}% 31
\BOOKMARK [2][-]{subsection.3.3.3}{\376\377\0003\000.\0003\000.\0003\000.\000\040\000R\000F\000I\000D\000\040\000b\000e\000\341\000l\000l\000\355\000t\000\341\000s\000o\000k}{section.3.3}% 32
\BOOKMARK [2][-]{subsection.3.3.4}{\376\377\0003\000.\0003\000.\0004\000.\000\040\000R\000F\000I\000D\000\040\000h\000a\000s\000z\000n\000\341\000l\000a\000t\000i\000\040\000t\000\341\000b\000l\000\341\000z\000a\000t}{section.3.3}% 33
\BOOKMARK [2][-]{subsection.3.3.5}{\376\377\0003\000.\0003\000.\0005\000.\000\040\000H\001\121\000m\000\351\000r\000s\000\351\000k\000l\000e\000t\000i\000\040\000\351\000s\000\040\000p\000\341\000r\000a\000t\000a\000r\000t\000a\000l\000o\000m\000\040\000e\000l\001\121\000z\000m\000\351\000n\000y\000e\000k\000\040\000-\000\040\000C\000h\000a\000r\000t\000J\000S}{section.3.3}% 34
\BOOKMARK [1][-]{section.3.4}{\376\377\0003\000.\0004\000.\000\040\000E\000s\000z\000k\000\366\000z\000\366\000k\000\040\000k\000o\000m\000m\000u\000n\000i\000k\000\341\000c\000i\000\363\000j\000a\000\040\000a\000\040\000w\000e\000b\000s\000z\000e\000r\000v\000e\000r\000r\000e\000l}{chapter.3}% 35
\BOOKMARK [0][-]{chapter.4}{\376\377\0004\000.\000\040\000T\000e\000s\000z\000t\000e\000l\000\351\000s\000e\000k}{}% 36
\BOOKMARK [1][-]{section.4.1}{\376\377\0004\000.\0001\000.\000\040\000T\000e\000s\000z\000t\000e\000l\000\351\000s\000e\000k\000\040\000m\000\363\000d\000j\000a\000i\000\040\000\351\000s\000\040\000f\000o\000n\000t\000o\000s\000s\000\341\000g\000a}{chapter.4}% 37
\BOOKMARK [2][-]{subsection.4.1.1}{\376\377\0004\000.\0001\000.\0001\000.\000\040\000C\000y\000p\000r\000e\000s\000s\000\040\000a\000u\000t\000o\000m\000a\000t\000i\000z\000\341\000l\000t\000\040\000t\000e\000s\000z\000t\000e\000l\000\351\000s\000e\000k}{section.4.1}% 38
\BOOKMARK [2][-]{subsection.4.1.2}{\376\377\0004\000.\0001\000.\0002\000.\000\040\000M\000a\000n\000u\000\341\000l\000i\000s\000\040\000t\000e\000s\000z\000t\000e\000l\000\351\000s\000e\000k}{section.4.1}% 39
\BOOKMARK [0][-]{chapter.5}{\376\377\0005\000.\000\040\000R\000e\000n\000d\000s\000z\000e\000r\000\040\000t\000e\000l\000e\000p\000\355\000t\000\351\000s\000e}{}% 40
\BOOKMARK [0][-]{chapter*.13}{\376\377\000\326\000s\000s\000z\000e\000g\000z\000\351\000s}{}% 41
\BOOKMARK [0][-]{chapter*.14}{\376\377\000I\000r\000o\000d\000a\000l\000o\000m\000j\000e\000g\000y\000z\000\351\000k}{}% 42
